2024-04-17 10:49:10,104 - INFO - Running gridsearch.py
2024-04-17 10:49:10,104 - INFO - args = {'default_params': False}
2024-04-17 10:49:15,685 - INFO - Running trainer.py (version_0).
2024-04-17 10:49:15,686 - INFO - args = {'epochs': 4000, 'monitor': 'loss/train', 'mode': 'min', 'train_size': 1.0, 'progress_bar': False, 'accelerator': 'auto', 'devices': [0], 'strategy': 'auto', 'num_nodes': 1}
2024-04-17 11:16:45,887 - INFO - Running update.py
2024-04-17 11:16:45,887 - WARNING - Skipping parameter update this step.
2024-04-17 11:16:48,739 - INFO - Running gridsearch.py
2024-04-17 11:16:48,739 - INFO - args = {'default_params': False}
2024-04-17 11:16:52,336 - INFO - Running trainer.py (version_1).
2024-04-17 11:16:52,337 - INFO - args = {'epochs': 4000, 'monitor': 'loss/train', 'mode': 'min', 'train_size': 1.0, 'progress_bar': False, 'accelerator': 'auto', 'devices': [0], 'strategy': 'auto', 'num_nodes': 1}
2024-04-17 11:28:59,131 - INFO - Running update.py
2024-04-17 11:28:59,131 - WARNING - Skipping parameter update this step.
2024-04-17 11:29:01,918 - INFO - Running gridsearch.py
2024-04-17 11:29:01,918 - INFO - args = {'default_params': False}
2024-04-17 11:29:05,874 - INFO - Running trainer.py (version_2).
2024-04-17 11:29:05,874 - INFO - args = {'epochs': 4000, 'monitor': 'loss/train', 'mode': 'min', 'train_size': 1.0, 'progress_bar': False, 'accelerator': 'auto', 'devices': [0], 'strategy': 'auto', 'num_nodes': 1}
2024-04-17 12:01:08,094 - INFO - Running update.py
2024-04-17 12:01:08,094 - INFO - args = {'max_good_loss': 1e-06, 'min_good_samples': 4, 'check_every_n_steps': 3, 'current_step': 3}
2024-04-17 12:01:08,689 - WARNING - Found 1 (< 4) good samples. Parameters will not be updated.
2024-04-17 12:01:11,334 - INFO - Running gridsearch.py
2024-04-17 12:01:11,334 - INFO - args = {'default_params': False}
2024-04-17 12:01:15,184 - INFO - Running trainer.py (version_3).
2024-04-17 12:01:15,184 - INFO - args = {'epochs': 4000, 'monitor': 'loss/train', 'mode': 'min', 'train_size': 1.0, 'progress_bar': False, 'accelerator': 'auto', 'devices': [0], 'strategy': 'auto', 'num_nodes': 1}
2024-04-17 12:12:44,138 - INFO - Running update.py
2024-04-17 12:12:44,138 - WARNING - Skipping parameter update this step.
2024-04-17 12:12:46,874 - INFO - Running gridsearch.py
2024-04-17 12:12:46,874 - INFO - args = {'default_params': False}
2024-04-17 12:12:50,814 - INFO - Running trainer.py (version_4).
2024-04-17 12:12:50,814 - INFO - args = {'epochs': 4000, 'monitor': 'loss/train', 'mode': 'min', 'train_size': 1.0, 'progress_bar': False, 'accelerator': 'auto', 'devices': [0], 'strategy': 'auto', 'num_nodes': 1}
2024-04-17 12:38:30,085 - INFO - Running update.py
2024-04-17 12:38:30,085 - WARNING - Skipping parameter update this step.
2024-04-17 12:38:32,666 - INFO - Running gridsearch.py
2024-04-17 12:38:32,666 - INFO - args = {'default_params': False}
2024-04-17 12:38:36,589 - INFO - Running trainer.py (version_5).
2024-04-17 12:38:36,589 - INFO - args = {'epochs': 4000, 'monitor': 'loss/train', 'mode': 'min', 'train_size': 1.0, 'progress_bar': False, 'accelerator': 'auto', 'devices': [0], 'strategy': 'auto', 'num_nodes': 1}
2024-04-17 13:00:31,816 - INFO - Running update.py
2024-04-17 13:00:31,816 - INFO - args = {'max_good_loss': 1e-06, 'min_good_samples': 4, 'check_every_n_steps': 3, 'current_step': 6}
2024-04-17 13:00:32,940 - WARNING - Found 1 (< 4) good samples. Parameters will not be updated.
2024-04-17 13:00:35,518 - INFO - Running gridsearch.py
2024-04-17 13:00:35,518 - INFO - args = {'default_params': False}
2024-04-17 13:00:39,606 - INFO - Running trainer.py (version_6).
2024-04-17 13:00:39,606 - INFO - args = {'epochs': 4000, 'monitor': 'loss/train', 'mode': 'min', 'train_size': 1.0, 'progress_bar': False, 'accelerator': 'auto', 'devices': [0], 'strategy': 'auto', 'num_nodes': 1}
2024-04-17 13:16:41,236 - INFO - Running update.py
2024-04-17 13:16:41,236 - WARNING - Skipping parameter update this step.
2024-04-17 13:16:43,896 - INFO - Running gridsearch.py
2024-04-17 13:16:43,897 - INFO - args = {'default_params': False}
2024-04-17 13:16:47,842 - INFO - Running trainer.py (version_7).
2024-04-17 13:16:47,842 - INFO - args = {'epochs': 4000, 'monitor': 'loss/train', 'mode': 'min', 'train_size': 1.0, 'progress_bar': False, 'accelerator': 'auto', 'devices': [0], 'strategy': 'auto', 'num_nodes': 1}
2024-04-17 13:24:58,418 - INFO - Running update.py
2024-04-17 13:24:58,418 - WARNING - Skipping parameter update this step.
2024-04-17 13:25:01,053 - INFO - Running gridsearch.py
2024-04-17 13:25:01,054 - INFO - args = {'default_params': False}
2024-04-17 13:25:05,215 - INFO - Running trainer.py (version_8).
2024-04-17 13:25:05,215 - INFO - args = {'epochs': 4000, 'monitor': 'loss/train', 'mode': 'min', 'train_size': 1.0, 'progress_bar': False, 'accelerator': 'auto', 'devices': [0], 'strategy': 'auto', 'num_nodes': 1}
2024-04-17 13:39:56,874 - INFO - Running update.py
2024-04-17 13:39:56,874 - INFO - args = {'max_good_loss': 1e-06, 'min_good_samples': 4, 'check_every_n_steps': 3, 'current_step': 9}
2024-04-17 13:39:58,389 - WARNING - Found 1 (< 4) good samples. Parameters will not be updated.
2024-04-17 13:40:01,358 - INFO - Running gridsearch.py
2024-04-17 13:40:01,358 - INFO - args = {'default_params': False}
2024-04-17 13:40:05,972 - INFO - Running trainer.py (version_9).
2024-04-17 13:40:05,972 - INFO - args = {'epochs': 4000, 'monitor': 'loss/train', 'mode': 'min', 'train_size': 1.0, 'progress_bar': False, 'accelerator': 'auto', 'devices': [0], 'strategy': 'auto', 'num_nodes': 1}
2024-04-17 13:53:25,477 - INFO - Running update.py
2024-04-17 13:53:25,477 - WARNING - Skipping parameter update this step.
2024-04-17 13:53:28,295 - INFO - Running gridsearch.py
2024-04-17 13:53:28,295 - INFO - args = {'default_params': False}
2024-04-17 13:53:32,741 - INFO - Running trainer.py (version_10).
2024-04-17 13:53:32,741 - INFO - args = {'epochs': 4000, 'monitor': 'loss/train', 'mode': 'min', 'train_size': 1.0, 'progress_bar': False, 'accelerator': 'auto', 'devices': [0], 'strategy': 'auto', 'num_nodes': 1}
2024-04-17 14:06:00,612 - INFO - Running update.py
2024-04-17 14:06:00,612 - WARNING - Skipping parameter update this step.
2024-04-17 14:06:03,756 - INFO - Running gridsearch.py
2024-04-17 14:06:03,756 - INFO - args = {'default_params': False}
2024-04-17 14:06:08,487 - INFO - Running trainer.py (version_11).
2024-04-17 14:06:08,487 - INFO - args = {'epochs': 4000, 'monitor': 'loss/train', 'mode': 'min', 'train_size': 1.0, 'progress_bar': False, 'accelerator': 'auto', 'devices': [0], 'strategy': 'auto', 'num_nodes': 1}
2024-04-17 14:16:33,568 - INFO - Running update.py
2024-04-17 14:16:33,568 - INFO - args = {'max_good_loss': 1e-06, 'min_good_samples': 4, 'check_every_n_steps': 3, 'current_step': 12}
2024-04-17 14:16:35,558 - WARNING - Found 1 (< 4) good samples. Parameters will not be updated.
2024-04-17 14:16:38,389 - INFO - Running gridsearch.py
2024-04-17 14:16:38,389 - INFO - args = {'default_params': False}
2024-04-17 14:16:42,526 - INFO - Running trainer.py (version_12).
2024-04-17 14:16:42,526 - INFO - args = {'epochs': 4000, 'monitor': 'loss/train', 'mode': 'min', 'train_size': 1.0, 'progress_bar': False, 'accelerator': 'auto', 'devices': [0], 'strategy': 'auto', 'num_nodes': 1}
2024-04-17 14:32:45,545 - INFO - Running update.py
2024-04-17 14:32:45,545 - WARNING - Skipping parameter update this step.
2024-04-17 14:32:48,583 - INFO - Running gridsearch.py
2024-04-17 14:32:48,583 - INFO - args = {'default_params': False}
2024-04-17 14:32:52,861 - INFO - Running trainer.py (version_13).
2024-04-17 14:32:52,861 - INFO - args = {'epochs': 4000, 'monitor': 'loss/train', 'mode': 'min', 'train_size': 1.0, 'progress_bar': False, 'accelerator': 'auto', 'devices': [0], 'strategy': 'auto', 'num_nodes': 1}
2024-04-17 14:56:31,397 - INFO - Running update.py
2024-04-17 14:56:31,397 - WARNING - Skipping parameter update this step.
2024-04-17 14:56:34,179 - INFO - Running gridsearch.py
2024-04-17 14:56:34,179 - INFO - args = {'default_params': False}
2024-04-17 14:56:38,179 - INFO - Running trainer.py (version_14).
2024-04-17 14:56:38,179 - INFO - args = {'epochs': 4000, 'monitor': 'loss/train', 'mode': 'min', 'train_size': 1.0, 'progress_bar': False, 'accelerator': 'auto', 'devices': [0], 'strategy': 'auto', 'num_nodes': 1}
2024-04-17 15:16:35,983 - INFO - Running update.py
2024-04-17 15:16:35,983 - INFO - args = {'max_good_loss': 1e-06, 'min_good_samples': 4, 'check_every_n_steps': 3, 'current_step': 15}
2024-04-17 15:16:38,492 - WARNING - Found 2 (< 4) good samples. Parameters will not be updated.
2024-04-17 15:16:41,395 - INFO - Running gridsearch.py
2024-04-17 15:16:41,395 - INFO - args = {'default_params': False}
2024-04-17 15:16:45,594 - INFO - Running trainer.py (version_15).
2024-04-17 15:16:45,594 - INFO - args = {'epochs': 4000, 'monitor': 'loss/train', 'mode': 'min', 'train_size': 1.0, 'progress_bar': False, 'accelerator': 'auto', 'devices': [0], 'strategy': 'auto', 'num_nodes': 1}
2024-04-17 15:38:34,327 - INFO - Running update.py
2024-04-17 15:38:34,327 - WARNING - Skipping parameter update this step.
2024-04-17 15:38:37,251 - INFO - Running gridsearch.py
2024-04-17 15:38:37,251 - INFO - args = {'default_params': False}
2024-04-17 15:38:41,276 - INFO - Running trainer.py (version_16).
2024-04-17 15:38:41,276 - INFO - args = {'epochs': 4000, 'monitor': 'loss/train', 'mode': 'min', 'train_size': 1.0, 'progress_bar': False, 'accelerator': 'auto', 'devices': [0], 'strategy': 'auto', 'num_nodes': 1}
2024-04-17 15:55:43,092 - INFO - Running update.py
2024-04-17 15:55:43,092 - WARNING - Skipping parameter update this step.
2024-04-17 15:55:46,041 - INFO - Running gridsearch.py
2024-04-17 15:55:46,041 - INFO - args = {'default_params': False}
2024-04-17 15:55:50,503 - INFO - Running trainer.py (version_17).
2024-04-17 15:55:50,503 - INFO - args = {'epochs': 4000, 'monitor': 'loss/train', 'mode': 'min', 'train_size': 1.0, 'progress_bar': False, 'accelerator': 'auto', 'devices': [0], 'strategy': 'auto', 'num_nodes': 1}
2024-04-17 16:11:32,855 - INFO - Running update.py
2024-04-17 16:11:32,855 - INFO - args = {'max_good_loss': 1e-06, 'min_good_samples': 4, 'check_every_n_steps': 3, 'current_step': 18}
2024-04-17 16:11:35,761 - WARNING - Found 2 (< 4) good samples. Parameters will not be updated.
2024-04-17 16:11:38,635 - INFO - Running gridsearch.py
2024-04-17 16:11:38,635 - INFO - args = {'default_params': False}
2024-04-17 16:11:43,128 - INFO - Running trainer.py (version_18).
2024-04-17 16:11:43,129 - INFO - args = {'epochs': 4000, 'monitor': 'loss/train', 'mode': 'min', 'train_size': 1.0, 'progress_bar': False, 'accelerator': 'auto', 'devices': [0], 'strategy': 'auto', 'num_nodes': 1}
2024-04-17 16:25:26,145 - INFO - Running update.py
2024-04-17 16:25:26,145 - WARNING - Skipping parameter update this step.
2024-04-17 16:25:29,197 - INFO - Running gridsearch.py
2024-04-17 16:25:29,197 - INFO - args = {'default_params': False}
2024-04-17 16:25:33,628 - INFO - Running trainer.py (version_19).
2024-04-17 16:25:33,628 - INFO - args = {'epochs': 4000, 'monitor': 'loss/train', 'mode': 'min', 'train_size': 1.0, 'progress_bar': False, 'accelerator': 'auto', 'devices': [0], 'strategy': 'auto', 'num_nodes': 1}
2024-04-17 17:05:03,899 - INFO - Running update.py
2024-04-17 17:05:03,900 - WARNING - Skipping parameter update this step.
2024-04-17 17:05:07,072 - INFO - Running gridsearch.py
2024-04-17 17:05:07,072 - INFO - args = {'default_params': False}
2024-04-17 17:05:11,519 - INFO - Running trainer.py (version_20).
2024-04-17 17:05:11,520 - INFO - args = {'epochs': 4000, 'monitor': 'loss/train', 'mode': 'min', 'train_size': 1.0, 'progress_bar': False, 'accelerator': 'auto', 'devices': [0], 'strategy': 'auto', 'num_nodes': 1}
2024-04-17 17:15:06,814 - INFO - Running update.py
2024-04-17 17:15:06,814 - INFO - args = {'max_good_loss': 1e-06, 'min_good_samples': 4, 'check_every_n_steps': 3, 'current_step': 21}
2024-04-17 17:15:10,327 - WARNING - Found 3 (< 4) good samples. Parameters will not be updated.
2024-04-17 17:15:13,392 - INFO - Running gridsearch.py
2024-04-17 17:15:13,392 - INFO - args = {'default_params': False}
2024-04-17 17:15:17,768 - INFO - Running trainer.py (version_21).
2024-04-17 17:15:17,768 - INFO - args = {'epochs': 4000, 'monitor': 'loss/train', 'mode': 'min', 'train_size': 1.0, 'progress_bar': False, 'accelerator': 'auto', 'devices': [0], 'strategy': 'auto', 'num_nodes': 1}
2024-04-17 17:31:24,584 - INFO - Running update.py
2024-04-17 17:31:24,584 - WARNING - Skipping parameter update this step.
2024-04-17 17:31:27,719 - INFO - Running gridsearch.py
2024-04-17 17:31:27,719 - INFO - args = {'default_params': False}
2024-04-17 17:31:32,377 - INFO - Running trainer.py (version_22).
2024-04-17 17:31:32,377 - INFO - args = {'epochs': 4000, 'monitor': 'loss/train', 'mode': 'min', 'train_size': 1.0, 'progress_bar': False, 'accelerator': 'auto', 'devices': [0], 'strategy': 'auto', 'num_nodes': 1}
2024-04-17 17:43:52,148 - INFO - Running update.py
2024-04-17 17:43:52,148 - WARNING - Skipping parameter update this step.
2024-04-17 17:43:55,329 - INFO - Running gridsearch.py
2024-04-17 17:43:55,329 - INFO - args = {'default_params': False}
2024-04-17 17:44:00,024 - INFO - Running trainer.py (version_23).
2024-04-17 17:44:00,024 - INFO - args = {'epochs': 4000, 'monitor': 'loss/train', 'mode': 'min', 'train_size': 1.0, 'progress_bar': False, 'accelerator': 'auto', 'devices': [0], 'strategy': 'auto', 'num_nodes': 1}
2024-04-17 17:59:48,111 - INFO - Running update.py
2024-04-17 17:59:48,111 - INFO - args = {'max_good_loss': 1e-06, 'min_good_samples': 4, 'check_every_n_steps': 3, 'current_step': 24}
2024-04-17 17:59:52,210 - WARNING - Found 3 (< 4) good samples. Parameters will not be updated.
2024-04-17 17:59:55,321 - INFO - Running gridsearch.py
2024-04-17 17:59:55,321 - INFO - args = {'default_params': False}
2024-04-17 17:59:59,710 - INFO - Running trainer.py (version_24).
2024-04-17 17:59:59,710 - INFO - args = {'epochs': 4000, 'monitor': 'loss/train', 'mode': 'min', 'train_size': 1.0, 'progress_bar': False, 'accelerator': 'auto', 'devices': [0], 'strategy': 'auto', 'num_nodes': 1}
2024-04-17 18:19:41,123 - INFO - Running update.py
2024-04-17 18:19:41,123 - WARNING - Skipping parameter update this step.
2024-04-17 18:19:44,301 - INFO - Running gridsearch.py
2024-04-17 18:19:44,301 - INFO - args = {'default_params': False}
2024-04-17 18:19:48,818 - INFO - Running trainer.py (version_25).
2024-04-17 18:19:48,818 - INFO - args = {'epochs': 4000, 'monitor': 'loss/train', 'mode': 'min', 'train_size': 1.0, 'progress_bar': False, 'accelerator': 'auto', 'devices': [0], 'strategy': 'auto', 'num_nodes': 1}
2024-04-17 18:40:36,284 - INFO - Running update.py
2024-04-17 18:40:36,284 - WARNING - Skipping parameter update this step.
2024-04-17 18:40:39,442 - INFO - Running gridsearch.py
2024-04-17 18:40:39,442 - INFO - args = {'default_params': False}
2024-04-17 18:40:43,840 - INFO - Running trainer.py (version_26).
2024-04-17 18:40:43,840 - INFO - args = {'epochs': 4000, 'monitor': 'loss/train', 'mode': 'min', 'train_size': 1.0, 'progress_bar': False, 'accelerator': 'auto', 'devices': [0], 'strategy': 'auto', 'num_nodes': 1}
2024-04-17 19:25:58,585 - INFO - Running update.py
2024-04-17 19:25:58,585 - INFO - args = {'max_good_loss': 1e-06, 'min_good_samples': 4, 'check_every_n_steps': 3, 'current_step': 27}
2024-04-17 19:26:03,114 - WARNING - Found 4 (>= 4) good samples. Updating parameters.
2024-04-17 19:26:03,119 - INFO - Parameter intervals changed.
2024-04-17 19:26:06,238 - INFO - Running gridsearch.py
2024-04-17 19:26:06,238 - INFO - args = {'default_params': False}
2024-04-17 19:26:10,687 - INFO - Running trainer.py (version_27).
2024-04-17 19:26:10,687 - INFO - args = {'epochs': 4000, 'monitor': 'loss/train', 'mode': 'min', 'train_size': 1.0, 'progress_bar': False, 'accelerator': 'auto', 'devices': [0], 'strategy': 'auto', 'num_nodes': 1}
2024-04-17 19:43:39,411 - INFO - Running update.py
2024-04-17 19:43:39,412 - WARNING - Skipping parameter update this step.
2024-04-17 19:43:42,496 - INFO - Running gridsearch.py
2024-04-17 19:43:42,496 - INFO - args = {'default_params': False}
2024-04-17 19:43:46,936 - INFO - Running trainer.py (version_28).
2024-04-17 19:43:46,936 - INFO - args = {'epochs': 4000, 'monitor': 'loss/train', 'mode': 'min', 'train_size': 1.0, 'progress_bar': False, 'accelerator': 'auto', 'devices': [0], 'strategy': 'auto', 'num_nodes': 1}
2024-04-17 20:05:28,545 - INFO - Running update.py
2024-04-17 20:05:28,545 - WARNING - Skipping parameter update this step.
2024-04-17 20:05:31,242 - INFO - Running gridsearch.py
2024-04-17 20:05:31,242 - INFO - args = {'default_params': False}
2024-04-17 20:05:35,073 - INFO - Running trainer.py (version_29).
2024-04-17 20:05:35,073 - INFO - args = {'epochs': 4000, 'monitor': 'loss/train', 'mode': 'min', 'train_size': 1.0, 'progress_bar': False, 'accelerator': 'auto', 'devices': [0], 'strategy': 'auto', 'num_nodes': 1}
2024-04-17 20:31:10,007 - INFO - Running update.py
2024-04-17 20:31:10,007 - INFO - args = {'max_good_loss': 1e-06, 'min_good_samples': 4, 'check_every_n_steps': 3, 'current_step': 30}
2024-04-17 20:31:15,373 - WARNING - Found 5 (>= 4) good samples. Updating parameters.
2024-04-17 20:31:15,377 - INFO - Parameter intervals changed.
2024-04-17 20:31:18,391 - INFO - Running gridsearch.py
2024-04-17 20:31:18,391 - INFO - args = {'default_params': False}
2024-04-17 20:31:22,795 - INFO - Running trainer.py (version_30).
2024-04-17 20:31:22,795 - INFO - args = {'epochs': 4000, 'monitor': 'loss/train', 'mode': 'min', 'train_size': 1.0, 'progress_bar': False, 'accelerator': 'auto', 'devices': [0], 'strategy': 'auto', 'num_nodes': 1}
2024-04-17 20:45:09,105 - INFO - Running update.py
2024-04-17 20:45:09,105 - WARNING - Skipping parameter update this step.
2024-04-17 20:45:11,854 - INFO - Running gridsearch.py
2024-04-17 20:45:11,854 - INFO - args = {'default_params': False}
2024-04-17 20:45:15,750 - INFO - Running trainer.py (version_31).
2024-04-17 20:45:15,750 - INFO - args = {'epochs': 4000, 'monitor': 'loss/train', 'mode': 'min', 'train_size': 1.0, 'progress_bar': False, 'accelerator': 'auto', 'devices': [0], 'strategy': 'auto', 'num_nodes': 1}
2024-04-17 21:08:22,724 - INFO - Running update.py
2024-04-17 21:08:22,724 - WARNING - Skipping parameter update this step.
2024-04-17 21:08:25,482 - INFO - Running gridsearch.py
2024-04-17 21:08:25,482 - INFO - args = {'default_params': False}
2024-04-17 21:08:29,496 - INFO - Running trainer.py (version_32).
2024-04-17 21:08:29,496 - INFO - args = {'epochs': 4000, 'monitor': 'loss/train', 'mode': 'min', 'train_size': 1.0, 'progress_bar': False, 'accelerator': 'auto', 'devices': [0], 'strategy': 'auto', 'num_nodes': 1}
2024-04-17 21:20:54,467 - INFO - Running update.py
2024-04-17 21:20:54,468 - INFO - args = {'max_good_loss': 1e-06, 'min_good_samples': 4, 'check_every_n_steps': 3, 'current_step': 33}
2024-04-17 21:21:00,205 - WARNING - Found 5 (>= 4) good samples. Updating parameters.
2024-04-17 21:21:00,209 - INFO - Parameter intervals remained the same.
2024-04-17 21:21:03,069 - INFO - Running gridsearch.py
2024-04-17 21:21:03,069 - INFO - args = {'default_params': False}
2024-04-17 21:21:07,352 - INFO - Running trainer.py (version_33).
2024-04-17 21:21:07,352 - INFO - args = {'epochs': 4000, 'monitor': 'loss/train', 'mode': 'min', 'train_size': 1.0, 'progress_bar': False, 'accelerator': 'auto', 'devices': [0], 'strategy': 'auto', 'num_nodes': 1}
2024-04-17 21:39:13,645 - INFO - Running update.py
2024-04-17 21:39:13,646 - WARNING - Skipping parameter update this step.
2024-04-17 21:39:16,651 - INFO - Running gridsearch.py
2024-04-17 21:39:16,651 - INFO - args = {'default_params': False}
2024-04-17 21:39:21,021 - INFO - Running trainer.py (version_34).
2024-04-17 21:39:21,021 - INFO - args = {'epochs': 4000, 'monitor': 'loss/train', 'mode': 'min', 'train_size': 1.0, 'progress_bar': False, 'accelerator': 'auto', 'devices': [0], 'strategy': 'auto', 'num_nodes': 1}
2024-04-17 22:00:04,987 - INFO - Running update.py
2024-04-17 22:00:04,987 - WARNING - Skipping parameter update this step.
2024-04-17 22:00:08,232 - INFO - Running gridsearch.py
2024-04-17 22:00:08,232 - INFO - args = {'default_params': False}
2024-04-17 22:00:12,378 - INFO - Running trainer.py (version_35).
2024-04-17 22:00:12,378 - INFO - args = {'epochs': 4000, 'monitor': 'loss/train', 'mode': 'min', 'train_size': 1.0, 'progress_bar': False, 'accelerator': 'auto', 'devices': [0], 'strategy': 'auto', 'num_nodes': 1}
2024-04-17 22:21:17,786 - INFO - Running update.py
2024-04-17 22:21:17,786 - INFO - args = {'max_good_loss': 1e-06, 'min_good_samples': 4, 'check_every_n_steps': 3, 'current_step': 36}
2024-04-17 22:21:23,917 - WARNING - Found 5 (>= 4) good samples. Updating parameters.
2024-04-17 22:21:23,921 - INFO - Parameter intervals remained the same.
2024-04-17 22:21:27,006 - INFO - Running gridsearch.py
2024-04-17 22:21:27,006 - INFO - args = {'default_params': False}
2024-04-17 22:21:31,348 - INFO - Running trainer.py (version_36).
2024-04-17 22:21:31,348 - INFO - args = {'epochs': 4000, 'monitor': 'loss/train', 'mode': 'min', 'train_size': 1.0, 'progress_bar': False, 'accelerator': 'auto', 'devices': [0], 'strategy': 'auto', 'num_nodes': 1}
2024-04-17 22:30:26,988 - INFO - Running update.py
2024-04-17 22:30:26,988 - WARNING - Skipping parameter update this step.
2024-04-17 22:30:30,016 - INFO - Running gridsearch.py
2024-04-17 22:30:30,016 - INFO - args = {'default_params': False}
2024-04-17 22:30:34,359 - INFO - Running trainer.py (version_37).
2024-04-17 22:30:34,359 - INFO - args = {'epochs': 4000, 'monitor': 'loss/train', 'mode': 'min', 'train_size': 1.0, 'progress_bar': False, 'accelerator': 'auto', 'devices': [0], 'strategy': 'auto', 'num_nodes': 1}
2024-04-17 22:59:05,200 - INFO - Running update.py
2024-04-17 22:59:05,201 - WARNING - Skipping parameter update this step.
2024-04-17 22:59:07,986 - INFO - Running gridsearch.py
2024-04-17 22:59:07,986 - INFO - args = {'default_params': False}
2024-04-17 22:59:11,932 - INFO - Running trainer.py (version_38).
2024-04-17 22:59:11,932 - INFO - args = {'epochs': 4000, 'monitor': 'loss/train', 'mode': 'min', 'train_size': 1.0, 'progress_bar': False, 'accelerator': 'auto', 'devices': [0], 'strategy': 'auto', 'num_nodes': 1}
2024-04-17 23:15:55,555 - INFO - Running update.py
2024-04-17 23:15:55,555 - INFO - args = {'max_good_loss': 1e-06, 'min_good_samples': 4, 'check_every_n_steps': 3, 'current_step': 39}
2024-04-17 23:16:02,493 - WARNING - Found 5 (>= 4) good samples. Updating parameters.
2024-04-17 23:16:02,497 - INFO - Parameter intervals remained the same.
2024-04-17 23:16:05,771 - INFO - Running gridsearch.py
2024-04-17 23:16:05,771 - INFO - args = {'default_params': False}
2024-04-17 23:16:10,365 - INFO - Running trainer.py (version_39).
2024-04-17 23:16:10,365 - INFO - args = {'epochs': 4000, 'monitor': 'loss/train', 'mode': 'min', 'train_size': 1.0, 'progress_bar': False, 'accelerator': 'auto', 'devices': [0], 'strategy': 'auto', 'num_nodes': 1}
2024-04-17 23:32:31,652 - INFO - Running update.py
2024-04-17 23:32:31,652 - WARNING - Skipping parameter update this step.
2024-04-17 23:32:34,958 - INFO - Running gridsearch.py
2024-04-17 23:32:34,958 - INFO - args = {'default_params': False}
2024-04-17 23:32:39,483 - INFO - Running trainer.py (version_40).
2024-04-17 23:32:39,483 - INFO - args = {'epochs': 4000, 'monitor': 'loss/train', 'mode': 'min', 'train_size': 1.0, 'progress_bar': False, 'accelerator': 'auto', 'devices': [0], 'strategy': 'auto', 'num_nodes': 1}
2024-04-17 23:59:26,637 - INFO - Running update.py
2024-04-17 23:59:26,637 - WARNING - Skipping parameter update this step.
2024-04-17 23:59:29,579 - INFO - Running gridsearch.py
2024-04-17 23:59:29,580 - INFO - args = {'default_params': False}
2024-04-17 23:59:33,880 - INFO - Running trainer.py (version_41).
2024-04-17 23:59:33,880 - INFO - args = {'epochs': 4000, 'monitor': 'loss/train', 'mode': 'min', 'train_size': 1.0, 'progress_bar': False, 'accelerator': 'auto', 'devices': [0], 'strategy': 'auto', 'num_nodes': 1}
2024-04-18 00:15:32,342 - INFO - Running update.py
2024-04-18 00:15:32,342 - INFO - args = {'max_good_loss': 1e-06, 'min_good_samples': 4, 'check_every_n_steps': 3, 'current_step': 42}
2024-04-18 00:15:39,548 - WARNING - Found 6 (>= 4) good samples. Updating parameters.
2024-04-18 00:15:39,552 - INFO - Parameter intervals changed.
2024-04-18 00:15:42,518 - INFO - Running gridsearch.py
2024-04-18 00:15:42,518 - INFO - args = {'default_params': False}
2024-04-18 00:15:46,768 - INFO - Running trainer.py (version_42).
2024-04-18 00:15:46,768 - INFO - args = {'epochs': 4000, 'monitor': 'loss/train', 'mode': 'min', 'train_size': 1.0, 'progress_bar': False, 'accelerator': 'auto', 'devices': [0], 'strategy': 'auto', 'num_nodes': 1}
2024-04-18 00:34:40,232 - INFO - Running update.py
2024-04-18 00:34:40,232 - WARNING - Skipping parameter update this step.
2024-04-18 00:34:42,997 - INFO - Running gridsearch.py
2024-04-18 00:34:42,997 - INFO - args = {'default_params': False}
2024-04-18 00:34:46,911 - INFO - Running trainer.py (version_43).
2024-04-18 00:34:46,911 - INFO - args = {'epochs': 4000, 'monitor': 'loss/train', 'mode': 'min', 'train_size': 1.0, 'progress_bar': False, 'accelerator': 'auto', 'devices': [0], 'strategy': 'auto', 'num_nodes': 1}
2024-04-18 01:17:26,592 - INFO - Running update.py
2024-04-18 01:17:26,592 - WARNING - Skipping parameter update this step.
2024-04-18 01:17:29,658 - INFO - Running gridsearch.py
2024-04-18 01:17:29,658 - INFO - args = {'default_params': False}
2024-04-18 01:17:33,994 - INFO - Running trainer.py (version_44).
2024-04-18 01:17:33,994 - INFO - args = {'epochs': 4000, 'monitor': 'loss/train', 'mode': 'min', 'train_size': 1.0, 'progress_bar': False, 'accelerator': 'auto', 'devices': [0], 'strategy': 'auto', 'num_nodes': 1}
2024-04-18 01:39:31,115 - INFO - Running update.py
2024-04-18 01:39:31,115 - INFO - args = {'max_good_loss': 1e-06, 'min_good_samples': 4, 'check_every_n_steps': 3, 'current_step': 45}
2024-04-18 01:39:38,956 - WARNING - Found 7 (>= 4) good samples. Updating parameters.
2024-04-18 01:39:38,960 - INFO - Parameter intervals changed.
2024-04-18 01:39:41,999 - INFO - Running gridsearch.py
2024-04-18 01:39:41,999 - INFO - args = {'default_params': False}
2024-04-18 01:39:46,471 - INFO - Running trainer.py (version_45).
2024-04-18 01:39:46,471 - INFO - args = {'epochs': 4000, 'monitor': 'loss/train', 'mode': 'min', 'train_size': 1.0, 'progress_bar': False, 'accelerator': 'auto', 'devices': [0], 'strategy': 'auto', 'num_nodes': 1}
2024-04-18 02:01:13,735 - INFO - Running update.py
2024-04-18 02:01:13,735 - WARNING - Skipping parameter update this step.
2024-04-18 02:01:16,821 - INFO - Running gridsearch.py
2024-04-18 02:01:16,821 - INFO - args = {'default_params': False}
2024-04-18 02:01:21,235 - INFO - Running trainer.py (version_46).
2024-04-18 02:01:21,235 - INFO - args = {'epochs': 4000, 'monitor': 'loss/train', 'mode': 'min', 'train_size': 1.0, 'progress_bar': False, 'accelerator': 'auto', 'devices': [0], 'strategy': 'auto', 'num_nodes': 1}
2024-04-18 02:15:23,728 - INFO - Running update.py
2024-04-18 02:15:23,728 - WARNING - Skipping parameter update this step.
2024-04-18 02:15:26,827 - INFO - Running gridsearch.py
2024-04-18 02:15:26,828 - INFO - args = {'default_params': False}
2024-04-18 02:15:31,279 - INFO - Running trainer.py (version_47).
2024-04-18 02:15:31,279 - INFO - args = {'epochs': 4000, 'monitor': 'loss/train', 'mode': 'min', 'train_size': 1.0, 'progress_bar': False, 'accelerator': 'auto', 'devices': [0], 'strategy': 'auto', 'num_nodes': 1}
2024-04-18 02:58:42,885 - INFO - Running update.py
2024-04-18 02:58:42,885 - INFO - args = {'max_good_loss': 1e-06, 'min_good_samples': 4, 'check_every_n_steps': 3, 'current_step': 48}
2024-04-18 02:58:51,630 - WARNING - Found 9 (>= 4) good samples. Updating parameters.
2024-04-18 02:58:51,635 - INFO - Parameter intervals changed.
2024-04-18 02:58:54,576 - INFO - Running gridsearch.py
2024-04-18 02:58:54,576 - INFO - args = {'default_params': False}
2024-04-18 02:58:58,987 - INFO - Running trainer.py (version_48).
2024-04-18 02:58:58,987 - INFO - args = {'epochs': 4000, 'monitor': 'loss/train', 'mode': 'min', 'train_size': 1.0, 'progress_bar': False, 'accelerator': 'auto', 'devices': [0], 'strategy': 'auto', 'num_nodes': 1}
2024-04-18 03:13:49,029 - INFO - Running update.py
2024-04-18 03:13:49,029 - WARNING - Skipping parameter update this step.
2024-04-18 03:13:51,923 - INFO - Running gridsearch.py
2024-04-18 03:13:51,923 - INFO - args = {'default_params': False}
2024-04-18 03:13:56,324 - INFO - Running trainer.py (version_49).
2024-04-18 03:13:56,324 - INFO - args = {'epochs': 4000, 'monitor': 'loss/train', 'mode': 'min', 'train_size': 1.0, 'progress_bar': False, 'accelerator': 'auto', 'devices': [0], 'strategy': 'auto', 'num_nodes': 1}
2024-04-18 03:24:28,720 - INFO - Running update.py
2024-04-18 03:24:28,720 - WARNING - Skipping parameter update this step.
