2024-04-17 10:49:12,931 - INFO - Running gridsearch.py
2024-04-17 10:49:12,931 - INFO - args = {'default_params': False}
2024-04-17 10:49:16,771 - INFO - Running trainer.py (version_0).
2024-04-17 10:49:16,771 - INFO - args = {'epochs': 4000, 'monitor': 'loss/train', 'mode': 'min', 'train_size': 1.0, 'progress_bar': False, 'accelerator': 'auto', 'devices': [0], 'strategy': 'auto', 'num_nodes': 1}
2024-04-17 11:14:29,239 - INFO - Running update.py
2024-04-17 11:14:29,239 - WARNING - Skipping parameter update this step.
2024-04-17 11:14:31,835 - INFO - Running gridsearch.py
2024-04-17 11:14:31,835 - INFO - args = {'default_params': False}
2024-04-17 11:14:35,511 - INFO - Running trainer.py (version_1).
2024-04-17 11:14:35,511 - INFO - args = {'epochs': 4000, 'monitor': 'loss/train', 'mode': 'min', 'train_size': 1.0, 'progress_bar': False, 'accelerator': 'auto', 'devices': [0], 'strategy': 'auto', 'num_nodes': 1}
2024-04-17 11:54:11,035 - INFO - Running update.py
2024-04-17 11:54:11,035 - WARNING - Skipping parameter update this step.
2024-04-17 11:54:13,810 - INFO - Running gridsearch.py
2024-04-17 11:54:13,810 - INFO - args = {'default_params': False}
2024-04-17 11:54:17,521 - INFO - Running trainer.py (version_2).
2024-04-17 11:54:17,521 - INFO - args = {'epochs': 4000, 'monitor': 'loss/train', 'mode': 'min', 'train_size': 1.0, 'progress_bar': False, 'accelerator': 'auto', 'devices': [0], 'strategy': 'auto', 'num_nodes': 1}
2024-04-17 12:06:16,798 - INFO - Running update.py
2024-04-17 12:06:16,798 - INFO - args = {'max_good_loss': 1e-06, 'min_good_samples': 4, 'check_every_n_steps': 3, 'current_step': 3}
2024-04-17 12:06:17,276 - WARNING - Found 2 (< 4) good samples. Parameters will not be updated.
2024-04-17 12:06:19,952 - INFO - Running gridsearch.py
2024-04-17 12:06:19,952 - INFO - args = {'default_params': False}
2024-04-17 12:06:23,872 - INFO - Running trainer.py (version_3).
2024-04-17 12:06:23,872 - INFO - args = {'epochs': 4000, 'monitor': 'loss/train', 'mode': 'min', 'train_size': 1.0, 'progress_bar': False, 'accelerator': 'auto', 'devices': [0], 'strategy': 'auto', 'num_nodes': 1}
2024-04-17 12:13:53,211 - INFO - Running update.py
2024-04-17 12:13:53,211 - WARNING - Skipping parameter update this step.
2024-04-17 12:13:55,818 - INFO - Running gridsearch.py
2024-04-17 12:13:55,818 - INFO - args = {'default_params': False}
2024-04-17 12:13:59,540 - INFO - Running trainer.py (version_4).
2024-04-17 12:13:59,540 - INFO - args = {'epochs': 4000, 'monitor': 'loss/train', 'mode': 'min', 'train_size': 1.0, 'progress_bar': False, 'accelerator': 'auto', 'devices': [0], 'strategy': 'auto', 'num_nodes': 1}
2024-04-17 12:26:41,769 - INFO - Running update.py
2024-04-17 12:26:41,769 - WARNING - Skipping parameter update this step.
2024-04-17 12:26:44,470 - INFO - Running gridsearch.py
2024-04-17 12:26:44,470 - INFO - args = {'default_params': False}
2024-04-17 12:26:48,197 - INFO - Running trainer.py (version_5).
2024-04-17 12:26:48,197 - INFO - args = {'epochs': 4000, 'monitor': 'loss/train', 'mode': 'min', 'train_size': 1.0, 'progress_bar': False, 'accelerator': 'auto', 'devices': [0], 'strategy': 'auto', 'num_nodes': 1}
2024-04-17 12:58:56,346 - INFO - Running update.py
2024-04-17 12:58:56,346 - INFO - args = {'max_good_loss': 1e-06, 'min_good_samples': 4, 'check_every_n_steps': 3, 'current_step': 6}
2024-04-17 12:58:57,292 - WARNING - Found 4 (>= 4) good samples. Updating parameters.
2024-04-17 12:58:57,297 - INFO - Parameter intervals changed.
2024-04-17 12:58:59,919 - INFO - Running gridsearch.py
2024-04-17 12:58:59,919 - INFO - args = {'default_params': False}
2024-04-17 12:59:03,610 - INFO - Running trainer.py (version_6).
2024-04-17 12:59:03,610 - INFO - args = {'epochs': 4000, 'monitor': 'loss/train', 'mode': 'min', 'train_size': 1.0, 'progress_bar': False, 'accelerator': 'auto', 'devices': [0], 'strategy': 'auto', 'num_nodes': 1}
2024-04-17 13:24:27,882 - INFO - Running update.py
2024-04-17 13:24:27,882 - WARNING - Skipping parameter update this step.
2024-04-17 13:24:30,488 - INFO - Running gridsearch.py
2024-04-17 13:24:30,489 - INFO - args = {'default_params': False}
2024-04-17 13:24:34,248 - INFO - Running trainer.py (version_7).
2024-04-17 13:24:34,248 - INFO - args = {'epochs': 4000, 'monitor': 'loss/train', 'mode': 'min', 'train_size': 1.0, 'progress_bar': False, 'accelerator': 'auto', 'devices': [0], 'strategy': 'auto', 'num_nodes': 1}
2024-04-17 14:00:15,467 - INFO - Running update.py
2024-04-17 14:00:15,467 - WARNING - Skipping parameter update this step.
2024-04-17 14:00:18,075 - INFO - Running gridsearch.py
2024-04-17 14:00:18,075 - INFO - args = {'default_params': False}
2024-04-17 14:00:54,608 - INFO - Running trainer.py (version_8).
2024-04-17 14:00:54,608 - INFO - args = {'epochs': 4000, 'monitor': 'loss/train', 'mode': 'min', 'train_size': 1.0, 'progress_bar': False, 'accelerator': 'auto', 'devices': [0], 'strategy': 'auto', 'num_nodes': 1}
2024-04-17 14:08:51,586 - INFO - Running update.py
2024-04-17 14:08:51,586 - INFO - args = {'max_good_loss': 1e-06, 'min_good_samples': 4, 'check_every_n_steps': 3, 'current_step': 9}
2024-04-17 14:08:53,049 - WARNING - Found 7 (>= 4) good samples. Updating parameters.
2024-04-17 14:08:53,054 - INFO - Parameter intervals changed.
2024-04-17 14:08:55,716 - INFO - Running gridsearch.py
2024-04-17 14:08:55,716 - INFO - args = {'default_params': False}
2024-04-17 14:08:59,416 - INFO - Running trainer.py (version_9).
2024-04-17 14:08:59,416 - INFO - args = {'epochs': 4000, 'monitor': 'loss/train', 'mode': 'min', 'train_size': 1.0, 'progress_bar': False, 'accelerator': 'auto', 'devices': [0], 'strategy': 'auto', 'num_nodes': 1}
2024-04-17 14:29:16,799 - INFO - Running update.py
2024-04-17 14:29:16,799 - WARNING - Skipping parameter update this step.
2024-04-17 14:29:19,424 - INFO - Running gridsearch.py
2024-04-17 14:29:19,424 - INFO - args = {'default_params': False}
2024-04-17 14:29:23,071 - INFO - Running trainer.py (version_10).
2024-04-17 14:29:23,071 - INFO - args = {'epochs': 4000, 'monitor': 'loss/train', 'mode': 'min', 'train_size': 1.0, 'progress_bar': False, 'accelerator': 'auto', 'devices': [0], 'strategy': 'auto', 'num_nodes': 1}
2024-04-17 14:44:54,800 - INFO - Running update.py
2024-04-17 14:44:54,800 - WARNING - Skipping parameter update this step.
2024-04-17 14:44:57,466 - INFO - Running gridsearch.py
2024-04-17 14:44:57,466 - INFO - args = {'default_params': False}
2024-04-17 14:45:01,125 - INFO - Running trainer.py (version_11).
2024-04-17 14:45:01,125 - INFO - args = {'epochs': 4000, 'monitor': 'loss/train', 'mode': 'min', 'train_size': 1.0, 'progress_bar': False, 'accelerator': 'auto', 'devices': [0], 'strategy': 'auto', 'num_nodes': 1}
2024-04-17 15:20:18,115 - INFO - Running update.py
2024-04-17 15:20:18,115 - INFO - args = {'max_good_loss': 1e-06, 'min_good_samples': 4, 'check_every_n_steps': 3, 'current_step': 12}
2024-04-17 15:20:20,014 - WARNING - Found 10 (>= 4) good samples. Updating parameters.
2024-04-17 15:20:20,018 - INFO - Parameter intervals changed.
2024-04-17 15:20:22,632 - INFO - Running gridsearch.py
2024-04-17 15:20:22,632 - INFO - args = {'default_params': False}
2024-04-17 15:20:26,355 - INFO - Running trainer.py (version_12).
2024-04-17 15:20:26,355 - INFO - args = {'epochs': 4000, 'monitor': 'loss/train', 'mode': 'min', 'train_size': 1.0, 'progress_bar': False, 'accelerator': 'auto', 'devices': [0], 'strategy': 'auto', 'num_nodes': 1}
2024-04-17 15:32:35,490 - INFO - Running update.py
2024-04-17 15:32:35,490 - WARNING - Skipping parameter update this step.
2024-04-17 15:32:38,156 - INFO - Running gridsearch.py
2024-04-17 15:32:38,156 - INFO - args = {'default_params': False}
2024-04-17 15:32:42,085 - INFO - Running trainer.py (version_13).
2024-04-17 15:32:42,085 - INFO - args = {'epochs': 4000, 'monitor': 'loss/train', 'mode': 'min', 'train_size': 1.0, 'progress_bar': False, 'accelerator': 'auto', 'devices': [0], 'strategy': 'auto', 'num_nodes': 1}
2024-04-17 15:54:15,104 - INFO - Running update.py
2024-04-17 15:54:15,104 - WARNING - Skipping parameter update this step.
2024-04-17 15:54:17,728 - INFO - Running gridsearch.py
2024-04-17 15:54:17,728 - INFO - args = {'default_params': False}
2024-04-17 15:54:21,481 - INFO - Running trainer.py (version_14).
2024-04-17 15:54:21,481 - INFO - args = {'epochs': 4000, 'monitor': 'loss/train', 'mode': 'min', 'train_size': 1.0, 'progress_bar': False, 'accelerator': 'auto', 'devices': [0], 'strategy': 'auto', 'num_nodes': 1}
2024-04-17 16:12:27,255 - INFO - Running update.py
2024-04-17 16:12:27,255 - INFO - args = {'max_good_loss': 1e-06, 'min_good_samples': 4, 'check_every_n_steps': 3, 'current_step': 15}
2024-04-17 16:12:29,496 - WARNING - Found 13 (>= 4) good samples. Updating parameters.
2024-04-17 16:12:29,501 - INFO - Parameter intervals remained the same.
2024-04-17 16:12:32,221 - INFO - Running gridsearch.py
2024-04-17 16:12:32,221 - INFO - args = {'default_params': False}
2024-04-17 16:12:36,038 - INFO - Running trainer.py (version_15).
2024-04-17 16:12:36,038 - INFO - args = {'epochs': 4000, 'monitor': 'loss/train', 'mode': 'min', 'train_size': 1.0, 'progress_bar': False, 'accelerator': 'auto', 'devices': [0], 'strategy': 'auto', 'num_nodes': 1}
2024-04-17 16:36:10,108 - INFO - Running update.py
2024-04-17 16:36:10,109 - WARNING - Skipping parameter update this step.
2024-04-17 16:36:12,727 - INFO - Running gridsearch.py
2024-04-17 16:36:12,727 - INFO - args = {'default_params': False}
2024-04-17 16:36:16,375 - INFO - Running trainer.py (version_16).
2024-04-17 16:36:16,375 - INFO - args = {'epochs': 4000, 'monitor': 'loss/train', 'mode': 'min', 'train_size': 1.0, 'progress_bar': False, 'accelerator': 'auto', 'devices': [0], 'strategy': 'auto', 'num_nodes': 1}
2024-04-17 17:04:29,066 - INFO - Running update.py
2024-04-17 17:04:29,066 - WARNING - Skipping parameter update this step.
2024-04-17 17:04:31,635 - INFO - Running gridsearch.py
2024-04-17 17:04:31,635 - INFO - args = {'default_params': False}
2024-04-17 17:04:35,302 - INFO - Running trainer.py (version_17).
2024-04-17 17:04:35,302 - INFO - args = {'epochs': 4000, 'monitor': 'loss/train', 'mode': 'min', 'train_size': 1.0, 'progress_bar': False, 'accelerator': 'auto', 'devices': [0], 'strategy': 'auto', 'num_nodes': 1}
2024-04-17 17:32:12,941 - INFO - Running update.py
2024-04-17 17:32:12,941 - INFO - args = {'max_good_loss': 1e-06, 'min_good_samples': 4, 'check_every_n_steps': 3, 'current_step': 18}
2024-04-17 17:32:15,806 - WARNING - Found 16 (>= 4) good samples. Updating parameters.
2024-04-17 17:32:15,811 - INFO - Parameter intervals remained the same.
2024-04-17 17:32:18,517 - INFO - Running gridsearch.py
2024-04-17 17:32:18,517 - INFO - args = {'default_params': False}
2024-04-17 17:32:22,464 - INFO - Running trainer.py (version_18).
2024-04-17 17:32:22,464 - INFO - args = {'epochs': 4000, 'monitor': 'loss/train', 'mode': 'min', 'train_size': 1.0, 'progress_bar': False, 'accelerator': 'auto', 'devices': [0], 'strategy': 'auto', 'num_nodes': 1}
2024-04-17 17:51:52,830 - INFO - Running update.py
2024-04-17 17:51:52,830 - WARNING - Skipping parameter update this step.
2024-04-17 17:51:55,507 - INFO - Running gridsearch.py
2024-04-17 17:51:55,507 - INFO - args = {'default_params': False}
2024-04-17 17:51:59,408 - INFO - Running trainer.py (version_19).
2024-04-17 17:51:59,408 - INFO - args = {'epochs': 4000, 'monitor': 'loss/train', 'mode': 'min', 'train_size': 1.0, 'progress_bar': False, 'accelerator': 'auto', 'devices': [0], 'strategy': 'auto', 'num_nodes': 1}
2024-04-17 18:32:28,749 - INFO - Running update.py
2024-04-17 18:32:28,749 - WARNING - Skipping parameter update this step.
2024-04-17 18:32:31,477 - INFO - Running gridsearch.py
2024-04-17 18:32:31,477 - INFO - args = {'default_params': False}
2024-04-17 18:32:35,333 - INFO - Running trainer.py (version_20).
2024-04-17 18:32:35,333 - INFO - args = {'epochs': 4000, 'monitor': 'loss/train', 'mode': 'min', 'train_size': 1.0, 'progress_bar': False, 'accelerator': 'auto', 'devices': [0], 'strategy': 'auto', 'num_nodes': 1}
2024-04-17 18:50:26,293 - INFO - Running update.py
2024-04-17 18:50:26,293 - INFO - args = {'max_good_loss': 1e-06, 'min_good_samples': 4, 'check_every_n_steps': 3, 'current_step': 21}
2024-04-17 18:50:29,667 - WARNING - Found 19 (>= 4) good samples. Updating parameters.
2024-04-17 18:50:29,672 - INFO - Parameter intervals remained the same.
2024-04-17 18:50:32,368 - INFO - Running gridsearch.py
2024-04-17 18:50:32,368 - INFO - args = {'default_params': False}
2024-04-17 18:50:36,100 - INFO - Running trainer.py (version_21).
2024-04-17 18:50:36,101 - INFO - args = {'epochs': 4000, 'monitor': 'loss/train', 'mode': 'min', 'train_size': 1.0, 'progress_bar': False, 'accelerator': 'auto', 'devices': [0], 'strategy': 'auto', 'num_nodes': 1}
2024-04-17 19:21:46,489 - INFO - Running update.py
2024-04-17 19:21:46,490 - WARNING - Skipping parameter update this step.
2024-04-17 19:21:49,133 - INFO - Running gridsearch.py
2024-04-17 19:21:49,133 - INFO - args = {'default_params': False}
2024-04-17 19:21:53,050 - INFO - Running trainer.py (version_22).
2024-04-17 19:21:53,050 - INFO - args = {'epochs': 4000, 'monitor': 'loss/train', 'mode': 'min', 'train_size': 1.0, 'progress_bar': False, 'accelerator': 'auto', 'devices': [0], 'strategy': 'auto', 'num_nodes': 1}
2024-04-17 19:43:26,432 - INFO - Running update.py
2024-04-17 19:43:26,432 - WARNING - Skipping parameter update this step.
2024-04-17 19:43:29,047 - INFO - Running gridsearch.py
2024-04-17 19:43:29,047 - INFO - args = {'default_params': False}
2024-04-17 19:43:35,862 - INFO - Running trainer.py (version_23).
2024-04-17 19:43:35,862 - INFO - args = {'epochs': 4000, 'monitor': 'loss/train', 'mode': 'min', 'train_size': 1.0, 'progress_bar': False, 'accelerator': 'auto', 'devices': [0], 'strategy': 'auto', 'num_nodes': 1}
2024-04-17 19:57:39,718 - INFO - Running update.py
2024-04-17 19:57:39,718 - INFO - args = {'max_good_loss': 1e-06, 'min_good_samples': 4, 'check_every_n_steps': 3, 'current_step': 24}
2024-04-17 19:57:43,539 - WARNING - Found 22 (>= 4) good samples. Updating parameters.
2024-04-17 19:57:43,543 - INFO - Parameter intervals remained the same.
2024-04-17 19:57:46,109 - INFO - Running gridsearch.py
2024-04-17 19:57:46,109 - INFO - args = {'default_params': False}
2024-04-17 19:57:49,714 - INFO - Running trainer.py (version_24).
2024-04-17 19:57:49,714 - INFO - args = {'epochs': 4000, 'monitor': 'loss/train', 'mode': 'min', 'train_size': 1.0, 'progress_bar': False, 'accelerator': 'auto', 'devices': [0], 'strategy': 'auto', 'num_nodes': 1}
2024-04-17 20:13:21,930 - INFO - Running update.py
2024-04-17 20:13:21,931 - WARNING - Skipping parameter update this step.
2024-04-17 20:13:25,155 - INFO - Running gridsearch.py
2024-04-17 20:13:25,155 - INFO - args = {'default_params': False}
2024-04-17 20:13:34,161 - INFO - Running trainer.py (version_25).
2024-04-17 20:13:34,161 - INFO - args = {'epochs': 4000, 'monitor': 'loss/train', 'mode': 'min', 'train_size': 1.0, 'progress_bar': False, 'accelerator': 'auto', 'devices': [0], 'strategy': 'auto', 'num_nodes': 1}
2024-04-17 20:46:12,488 - INFO - Running update.py
2024-04-17 20:46:12,488 - WARNING - Skipping parameter update this step.
2024-04-17 20:46:15,202 - INFO - Running gridsearch.py
2024-04-17 20:46:15,202 - INFO - args = {'default_params': False}
2024-04-17 20:46:19,027 - INFO - Running trainer.py (version_26).
2024-04-17 20:46:19,027 - INFO - args = {'epochs': 4000, 'monitor': 'loss/train', 'mode': 'min', 'train_size': 1.0, 'progress_bar': False, 'accelerator': 'auto', 'devices': [0], 'strategy': 'auto', 'num_nodes': 1}
2024-04-17 21:04:46,392 - INFO - Running update.py
2024-04-17 21:04:46,392 - INFO - args = {'max_good_loss': 1e-06, 'min_good_samples': 4, 'check_every_n_steps': 3, 'current_step': 27}
2024-04-17 21:04:50,652 - WARNING - Found 25 (>= 4) good samples. Updating parameters.
2024-04-17 21:04:50,657 - INFO - Parameter intervals remained the same.
2024-04-17 21:04:53,421 - INFO - Running gridsearch.py
2024-04-17 21:04:53,421 - INFO - args = {'default_params': False}
2024-04-17 21:04:57,063 - INFO - Running trainer.py (version_27).
2024-04-17 21:04:57,063 - INFO - args = {'epochs': 4000, 'monitor': 'loss/train', 'mode': 'min', 'train_size': 1.0, 'progress_bar': False, 'accelerator': 'auto', 'devices': [0], 'strategy': 'auto', 'num_nodes': 1}
2024-04-17 21:19:16,422 - INFO - Running update.py
2024-04-17 21:19:16,422 - WARNING - Skipping parameter update this step.
2024-04-17 21:19:19,017 - INFO - Running gridsearch.py
2024-04-17 21:19:19,017 - INFO - args = {'default_params': False}
2024-04-17 21:19:22,634 - INFO - Running trainer.py (version_28).
2024-04-17 21:19:22,634 - INFO - args = {'epochs': 4000, 'monitor': 'loss/train', 'mode': 'min', 'train_size': 1.0, 'progress_bar': False, 'accelerator': 'auto', 'devices': [0], 'strategy': 'auto', 'num_nodes': 1}
2024-04-17 21:24:38,788 - INFO - Running update.py
2024-04-17 21:24:38,788 - WARNING - Skipping parameter update this step.
2024-04-17 21:24:41,387 - INFO - Running gridsearch.py
2024-04-17 21:24:41,387 - INFO - args = {'default_params': False}
2024-04-17 21:25:05,988 - INFO - Running trainer.py (version_29).
2024-04-17 21:25:05,988 - INFO - args = {'epochs': 4000, 'monitor': 'loss/train', 'mode': 'min', 'train_size': 1.0, 'progress_bar': False, 'accelerator': 'auto', 'devices': [0], 'strategy': 'auto', 'num_nodes': 1}
2024-04-17 21:53:06,176 - INFO - Running update.py
2024-04-17 21:53:06,176 - INFO - args = {'max_good_loss': 1e-06, 'min_good_samples': 4, 'check_every_n_steps': 3, 'current_step': 30}
2024-04-17 21:53:10,768 - WARNING - Found 27 (>= 4) good samples. Updating parameters.
2024-04-17 21:53:10,772 - INFO - Parameter intervals remained the same.
2024-04-17 21:53:13,342 - INFO - Running gridsearch.py
2024-04-17 21:53:13,342 - INFO - args = {'default_params': False}
2024-04-17 21:53:16,987 - INFO - Running trainer.py (version_30).
2024-04-17 21:53:16,987 - INFO - args = {'epochs': 4000, 'monitor': 'loss/train', 'mode': 'min', 'train_size': 1.0, 'progress_bar': False, 'accelerator': 'auto', 'devices': [0], 'strategy': 'auto', 'num_nodes': 1}
2024-04-17 22:05:42,116 - INFO - Running update.py
2024-04-17 22:05:42,116 - WARNING - Skipping parameter update this step.
2024-04-17 22:05:44,710 - INFO - Running gridsearch.py
2024-04-17 22:05:44,710 - INFO - args = {'default_params': False}
2024-04-17 22:05:48,346 - INFO - Running trainer.py (version_31).
2024-04-17 22:05:48,346 - INFO - args = {'epochs': 4000, 'monitor': 'loss/train', 'mode': 'min', 'train_size': 1.0, 'progress_bar': False, 'accelerator': 'auto', 'devices': [0], 'strategy': 'auto', 'num_nodes': 1}
2024-04-17 22:14:46,124 - INFO - Running update.py
2024-04-17 22:14:46,124 - WARNING - Skipping parameter update this step.
2024-04-17 22:14:48,683 - INFO - Running gridsearch.py
2024-04-17 22:14:48,683 - INFO - args = {'default_params': False}
2024-04-17 22:14:52,265 - INFO - Running trainer.py (version_32).
2024-04-17 22:14:52,265 - INFO - args = {'epochs': 4000, 'monitor': 'loss/train', 'mode': 'min', 'train_size': 1.0, 'progress_bar': False, 'accelerator': 'auto', 'devices': [0], 'strategy': 'auto', 'num_nodes': 1}
2024-04-17 22:27:14,035 - INFO - Running update.py
2024-04-17 22:27:14,035 - INFO - args = {'max_good_loss': 1e-06, 'min_good_samples': 4, 'check_every_n_steps': 3, 'current_step': 33}
2024-04-17 22:27:18,909 - WARNING - Found 29 (>= 4) good samples. Updating parameters.
2024-04-17 22:27:18,913 - INFO - Parameter intervals remained the same.
2024-04-17 22:27:21,571 - INFO - Running gridsearch.py
2024-04-17 22:27:21,571 - INFO - args = {'default_params': False}
2024-04-17 22:27:25,308 - INFO - Running trainer.py (version_33).
2024-04-17 22:27:25,308 - INFO - args = {'epochs': 4000, 'monitor': 'loss/train', 'mode': 'min', 'train_size': 1.0, 'progress_bar': False, 'accelerator': 'auto', 'devices': [0], 'strategy': 'auto', 'num_nodes': 1}
2024-04-17 22:52:28,230 - INFO - Running update.py
2024-04-17 22:52:28,230 - WARNING - Skipping parameter update this step.
2024-04-17 22:52:30,803 - INFO - Running gridsearch.py
2024-04-17 22:52:30,803 - INFO - args = {'default_params': False}
2024-04-17 22:52:34,294 - INFO - Running trainer.py (version_34).
2024-04-17 22:52:34,294 - INFO - args = {'epochs': 4000, 'monitor': 'loss/train', 'mode': 'min', 'train_size': 1.0, 'progress_bar': False, 'accelerator': 'auto', 'devices': [0], 'strategy': 'auto', 'num_nodes': 1}
2024-04-17 23:09:28,106 - INFO - Running update.py
2024-04-17 23:09:28,106 - WARNING - Skipping parameter update this step.
2024-04-17 23:09:30,756 - INFO - Running gridsearch.py
2024-04-17 23:09:30,756 - INFO - args = {'default_params': False}
2024-04-17 23:09:34,516 - INFO - Running trainer.py (version_35).
2024-04-17 23:09:34,516 - INFO - args = {'epochs': 4000, 'monitor': 'loss/train', 'mode': 'min', 'train_size': 1.0, 'progress_bar': False, 'accelerator': 'auto', 'devices': [0], 'strategy': 'auto', 'num_nodes': 1}
2024-04-17 23:21:46,253 - INFO - Running update.py
2024-04-17 23:21:46,253 - INFO - args = {'max_good_loss': 1e-06, 'min_good_samples': 4, 'check_every_n_steps': 3, 'current_step': 36}
2024-04-17 23:21:51,447 - WARNING - Found 32 (>= 4) good samples. Updating parameters.
2024-04-17 23:21:51,451 - INFO - Parameter intervals remained the same.
2024-04-17 23:21:54,031 - INFO - Running gridsearch.py
2024-04-17 23:21:54,031 - INFO - args = {'default_params': False}
2024-04-17 23:21:57,616 - INFO - Running trainer.py (version_36).
2024-04-17 23:21:57,616 - INFO - args = {'epochs': 4000, 'monitor': 'loss/train', 'mode': 'min', 'train_size': 1.0, 'progress_bar': False, 'accelerator': 'auto', 'devices': [0], 'strategy': 'auto', 'num_nodes': 1}
2024-04-17 23:43:27,765 - INFO - Running update.py
2024-04-17 23:43:27,765 - WARNING - Skipping parameter update this step.
2024-04-17 23:43:30,335 - INFO - Running gridsearch.py
2024-04-17 23:43:30,335 - INFO - args = {'default_params': False}
2024-04-17 23:43:33,978 - INFO - Running trainer.py (version_37).
2024-04-17 23:43:33,978 - INFO - args = {'epochs': 4000, 'monitor': 'loss/train', 'mode': 'min', 'train_size': 1.0, 'progress_bar': False, 'accelerator': 'auto', 'devices': [0], 'strategy': 'auto', 'num_nodes': 1}
2024-04-18 00:01:30,608 - INFO - Running update.py
2024-04-18 00:01:30,608 - WARNING - Skipping parameter update this step.
2024-04-18 00:01:33,175 - INFO - Running gridsearch.py
2024-04-18 00:01:33,175 - INFO - args = {'default_params': False}
2024-04-18 00:01:36,916 - INFO - Running trainer.py (version_38).
2024-04-18 00:01:36,916 - INFO - args = {'epochs': 4000, 'monitor': 'loss/train', 'mode': 'min', 'train_size': 1.0, 'progress_bar': False, 'accelerator': 'auto', 'devices': [0], 'strategy': 'auto', 'num_nodes': 1}
2024-04-18 00:18:36,474 - INFO - Running update.py
2024-04-18 00:18:36,474 - INFO - args = {'max_good_loss': 1e-06, 'min_good_samples': 4, 'check_every_n_steps': 3, 'current_step': 39}
2024-04-18 00:18:42,110 - WARNING - Found 34 (>= 4) good samples. Updating parameters.
2024-04-18 00:18:42,115 - INFO - Parameter intervals remained the same.
2024-04-18 00:18:44,616 - INFO - Running gridsearch.py
2024-04-18 00:18:44,616 - INFO - args = {'default_params': False}
2024-04-18 00:18:48,199 - INFO - Running trainer.py (version_39).
2024-04-18 00:18:48,199 - INFO - args = {'epochs': 4000, 'monitor': 'loss/train', 'mode': 'min', 'train_size': 1.0, 'progress_bar': False, 'accelerator': 'auto', 'devices': [0], 'strategy': 'auto', 'num_nodes': 1}
2024-04-18 00:27:14,670 - INFO - Running update.py
2024-04-18 00:27:14,670 - WARNING - Skipping parameter update this step.
2024-04-18 00:27:17,166 - INFO - Running gridsearch.py
2024-04-18 00:27:17,166 - INFO - args = {'default_params': False}
2024-04-18 00:27:30,767 - INFO - Running trainer.py (version_40).
2024-04-18 00:27:30,767 - INFO - args = {'epochs': 4000, 'monitor': 'loss/train', 'mode': 'min', 'train_size': 1.0, 'progress_bar': False, 'accelerator': 'auto', 'devices': [0], 'strategy': 'auto', 'num_nodes': 1}
2024-04-18 00:50:24,362 - INFO - Running update.py
2024-04-18 00:50:24,362 - WARNING - Skipping parameter update this step.
2024-04-18 00:50:26,857 - INFO - Running gridsearch.py
2024-04-18 00:50:26,857 - INFO - args = {'default_params': False}
2024-04-18 00:50:30,388 - INFO - Running trainer.py (version_41).
2024-04-18 00:50:30,388 - INFO - args = {'epochs': 4000, 'monitor': 'loss/train', 'mode': 'min', 'train_size': 1.0, 'progress_bar': False, 'accelerator': 'auto', 'devices': [0], 'strategy': 'auto', 'num_nodes': 1}
2024-04-18 01:01:01,141 - INFO - Running update.py
2024-04-18 01:01:01,141 - INFO - args = {'max_good_loss': 1e-06, 'min_good_samples': 4, 'check_every_n_steps': 3, 'current_step': 42}
2024-04-18 01:01:07,021 - WARNING - Found 35 (>= 4) good samples. Updating parameters.
2024-04-18 01:01:07,025 - INFO - Parameter intervals remained the same.
2024-04-18 01:01:09,602 - INFO - Running gridsearch.py
2024-04-18 01:01:09,602 - INFO - args = {'default_params': False}
2024-04-18 01:01:13,251 - INFO - Running trainer.py (version_42).
2024-04-18 01:01:13,252 - INFO - args = {'epochs': 4000, 'monitor': 'loss/train', 'mode': 'min', 'train_size': 1.0, 'progress_bar': False, 'accelerator': 'auto', 'devices': [0], 'strategy': 'auto', 'num_nodes': 1}
2024-04-18 01:31:05,321 - INFO - Running update.py
2024-04-18 01:31:05,322 - WARNING - Skipping parameter update this step.
2024-04-18 01:31:07,867 - INFO - Running gridsearch.py
2024-04-18 01:31:07,867 - INFO - args = {'default_params': False}
2024-04-18 01:31:11,451 - INFO - Running trainer.py (version_43).
2024-04-18 01:31:11,451 - INFO - args = {'epochs': 4000, 'monitor': 'loss/train', 'mode': 'min', 'train_size': 1.0, 'progress_bar': False, 'accelerator': 'auto', 'devices': [0], 'strategy': 'auto', 'num_nodes': 1}
2024-04-18 01:41:29,529 - INFO - Running update.py
2024-04-18 01:41:29,530 - WARNING - Skipping parameter update this step.
2024-04-18 01:41:32,027 - INFO - Running gridsearch.py
2024-04-18 01:41:32,027 - INFO - args = {'default_params': False}
2024-04-18 01:41:35,546 - INFO - Running trainer.py (version_44).
2024-04-18 01:41:35,546 - INFO - args = {'epochs': 4000, 'monitor': 'loss/train', 'mode': 'min', 'train_size': 1.0, 'progress_bar': False, 'accelerator': 'auto', 'devices': [0], 'strategy': 'auto', 'num_nodes': 1}
2024-04-18 02:02:17,525 - INFO - Running update.py
2024-04-18 02:02:17,525 - INFO - args = {'max_good_loss': 1e-06, 'min_good_samples': 4, 'check_every_n_steps': 3, 'current_step': 45}
2024-04-18 02:02:23,835 - WARNING - Found 38 (>= 4) good samples. Updating parameters.
2024-04-18 02:02:23,840 - INFO - Parameter intervals remained the same.
2024-04-18 02:02:26,466 - INFO - Running gridsearch.py
2024-04-18 02:02:26,467 - INFO - args = {'default_params': False}
2024-04-18 02:02:30,259 - INFO - Running trainer.py (version_45).
2024-04-18 02:02:30,259 - INFO - args = {'epochs': 4000, 'monitor': 'loss/train', 'mode': 'min', 'train_size': 1.0, 'progress_bar': False, 'accelerator': 'auto', 'devices': [0], 'strategy': 'auto', 'num_nodes': 1}
2024-04-18 02:18:32,212 - INFO - Running update.py
2024-04-18 02:18:32,213 - WARNING - Skipping parameter update this step.
2024-04-18 02:18:34,739 - INFO - Running gridsearch.py
2024-04-18 02:18:34,739 - INFO - args = {'default_params': False}
2024-04-18 02:18:38,385 - INFO - Running trainer.py (version_46).
2024-04-18 02:18:38,385 - INFO - args = {'epochs': 4000, 'monitor': 'loss/train', 'mode': 'min', 'train_size': 1.0, 'progress_bar': False, 'accelerator': 'auto', 'devices': [0], 'strategy': 'auto', 'num_nodes': 1}
2024-04-18 02:31:21,676 - INFO - Running update.py
2024-04-18 02:31:21,676 - WARNING - Skipping parameter update this step.
2024-04-18 02:31:24,253 - INFO - Running gridsearch.py
2024-04-18 02:31:24,253 - INFO - args = {'default_params': False}
2024-04-18 02:31:27,831 - INFO - Running trainer.py (version_47).
2024-04-18 02:31:27,831 - INFO - args = {'epochs': 4000, 'monitor': 'loss/train', 'mode': 'min', 'train_size': 1.0, 'progress_bar': False, 'accelerator': 'auto', 'devices': [0], 'strategy': 'auto', 'num_nodes': 1}
2024-04-18 02:50:16,152 - INFO - Running update.py
2024-04-18 02:50:16,152 - INFO - args = {'max_good_loss': 1e-06, 'min_good_samples': 4, 'check_every_n_steps': 3, 'current_step': 48}
2024-04-18 02:50:22,804 - WARNING - Found 40 (>= 4) good samples. Updating parameters.
2024-04-18 02:50:22,808 - INFO - Parameter intervals remained the same.
2024-04-18 02:50:25,469 - INFO - Running gridsearch.py
2024-04-18 02:50:25,470 - INFO - args = {'default_params': False}
2024-04-18 02:50:29,169 - INFO - Running trainer.py (version_48).
2024-04-18 02:50:29,169 - INFO - args = {'epochs': 4000, 'monitor': 'loss/train', 'mode': 'min', 'train_size': 1.0, 'progress_bar': False, 'accelerator': 'auto', 'devices': [0], 'strategy': 'auto', 'num_nodes': 1}
2024-04-18 03:31:06,994 - INFO - Running update.py
2024-04-18 03:31:06,994 - WARNING - Skipping parameter update this step.
2024-04-18 03:31:09,582 - INFO - Running gridsearch.py
2024-04-18 03:31:09,582 - INFO - args = {'default_params': False}
2024-04-18 03:31:36,026 - INFO - Running trainer.py (version_49).
2024-04-18 03:31:36,026 - INFO - args = {'epochs': 4000, 'monitor': 'loss/train', 'mode': 'min', 'train_size': 1.0, 'progress_bar': False, 'accelerator': 'auto', 'devices': [0], 'strategy': 'auto', 'num_nodes': 1}
2024-04-18 03:45:00,645 - INFO - Running update.py
2024-04-18 03:45:00,645 - WARNING - Skipping parameter update this step.
