2024-04-17 10:49:10,103 - INFO - Running gridsearch.py
2024-04-17 10:49:10,103 - INFO - args = {'default_params': False}
2024-04-17 10:49:15,694 - INFO - Running trainer.py (version_0).
2024-04-17 10:49:15,694 - INFO - args = {'epochs': 4000, 'monitor': 'loss/train', 'mode': 'min', 'train_size': 1.0, 'progress_bar': False, 'accelerator': 'auto', 'devices': [1], 'strategy': 'auto', 'num_nodes': 1}
2024-04-17 11:16:08,228 - INFO - Running update.py
2024-04-17 11:16:08,228 - WARNING - Skipping parameter update this step.
2024-04-17 11:16:11,007 - INFO - Running gridsearch.py
2024-04-17 11:16:11,007 - INFO - args = {'default_params': False}
2024-04-17 11:16:14,894 - INFO - Running trainer.py (version_1).
2024-04-17 11:16:14,894 - INFO - args = {'epochs': 4000, 'monitor': 'loss/train', 'mode': 'min', 'train_size': 1.0, 'progress_bar': False, 'accelerator': 'auto', 'devices': [1], 'strategy': 'auto', 'num_nodes': 1}
2024-04-17 11:37:33,482 - INFO - Running update.py
2024-04-17 11:37:33,482 - WARNING - Skipping parameter update this step.
2024-04-17 11:37:36,102 - INFO - Running gridsearch.py
2024-04-17 11:37:36,102 - INFO - args = {'default_params': False}
2024-04-17 11:37:39,939 - INFO - Running trainer.py (version_2).
2024-04-17 11:37:39,939 - INFO - args = {'epochs': 4000, 'monitor': 'loss/train', 'mode': 'min', 'train_size': 1.0, 'progress_bar': False, 'accelerator': 'auto', 'devices': [1], 'strategy': 'auto', 'num_nodes': 1}
2024-04-17 12:04:41,870 - INFO - Running update.py
2024-04-17 12:04:41,870 - INFO - args = {'max_good_loss': 1e-06, 'min_good_samples': 4, 'check_every_n_steps': 3, 'current_step': 3}
2024-04-17 12:04:42,571 - WARNING - Found 1 (< 4) good samples. Parameters will not be updated.
2024-04-17 12:04:45,075 - INFO - Running gridsearch.py
2024-04-17 12:04:45,075 - INFO - args = {'default_params': False}
2024-04-17 12:04:48,898 - INFO - Running trainer.py (version_3).
2024-04-17 12:04:48,898 - INFO - args = {'epochs': 4000, 'monitor': 'loss/train', 'mode': 'min', 'train_size': 1.0, 'progress_bar': False, 'accelerator': 'auto', 'devices': [1], 'strategy': 'auto', 'num_nodes': 1}
2024-04-17 12:53:01,984 - INFO - Running update.py
2024-04-17 12:53:01,984 - WARNING - Skipping parameter update this step.
2024-04-17 12:53:04,629 - INFO - Running gridsearch.py
2024-04-17 12:53:04,629 - INFO - args = {'default_params': False}
2024-04-17 12:53:08,454 - INFO - Running trainer.py (version_4).
2024-04-17 12:53:08,454 - INFO - args = {'epochs': 4000, 'monitor': 'loss/train', 'mode': 'min', 'train_size': 1.0, 'progress_bar': False, 'accelerator': 'auto', 'devices': [1], 'strategy': 'auto', 'num_nodes': 1}
2024-04-17 13:25:36,195 - INFO - Running update.py
2024-04-17 13:25:36,195 - WARNING - Skipping parameter update this step.
2024-04-17 13:25:38,981 - INFO - Running gridsearch.py
2024-04-17 13:25:38,981 - INFO - args = {'default_params': False}
2024-04-17 13:25:42,925 - INFO - Running trainer.py (version_5).
2024-04-17 13:25:42,925 - INFO - args = {'epochs': 4000, 'monitor': 'loss/train', 'mode': 'min', 'train_size': 1.0, 'progress_bar': False, 'accelerator': 'auto', 'devices': [1], 'strategy': 'auto', 'num_nodes': 1}
2024-04-17 13:56:51,789 - INFO - Running update.py
2024-04-17 13:56:51,789 - INFO - args = {'max_good_loss': 1e-06, 'min_good_samples': 4, 'check_every_n_steps': 3, 'current_step': 6}
2024-04-17 13:56:53,391 - WARNING - Found 3 (< 4) good samples. Parameters will not be updated.
2024-04-17 13:56:56,143 - INFO - Running gridsearch.py
2024-04-17 13:56:56,143 - INFO - args = {'default_params': False}
2024-04-17 13:57:00,160 - INFO - Running trainer.py (version_6).
2024-04-17 13:57:00,160 - INFO - args = {'epochs': 4000, 'monitor': 'loss/train', 'mode': 'min', 'train_size': 1.0, 'progress_bar': False, 'accelerator': 'auto', 'devices': [1], 'strategy': 'auto', 'num_nodes': 1}
2024-04-17 14:45:43,756 - INFO - Running update.py
2024-04-17 14:45:43,756 - WARNING - Skipping parameter update this step.
2024-04-17 14:45:46,592 - INFO - Running gridsearch.py
2024-04-17 14:45:46,592 - INFO - args = {'default_params': False}
2024-04-17 14:45:50,643 - INFO - Running trainer.py (version_7).
2024-04-17 14:45:50,643 - INFO - args = {'epochs': 4000, 'monitor': 'loss/train', 'mode': 'min', 'train_size': 1.0, 'progress_bar': False, 'accelerator': 'auto', 'devices': [1], 'strategy': 'auto', 'num_nodes': 1}
2024-04-17 15:35:08,513 - INFO - Running update.py
2024-04-17 15:35:08,513 - WARNING - Skipping parameter update this step.
2024-04-17 15:35:11,336 - INFO - Running gridsearch.py
2024-04-17 15:35:11,336 - INFO - args = {'default_params': False}
2024-04-17 15:35:15,273 - INFO - Running trainer.py (version_8).
2024-04-17 15:35:15,273 - INFO - args = {'epochs': 4000, 'monitor': 'loss/train', 'mode': 'min', 'train_size': 1.0, 'progress_bar': False, 'accelerator': 'auto', 'devices': [1], 'strategy': 'auto', 'num_nodes': 1}
2024-04-17 15:38:57,164 - INFO - Running update.py
2024-04-17 15:38:57,164 - INFO - args = {'max_good_loss': 1e-06, 'min_good_samples': 4, 'check_every_n_steps': 3, 'current_step': 9}
2024-04-17 15:38:59,292 - WARNING - Found 5 (>= 4) good samples. Updating parameters.
2024-04-17 15:38:59,296 - INFO - Parameter intervals changed.
2024-04-17 15:39:02,264 - INFO - Running gridsearch.py
2024-04-17 15:39:02,264 - INFO - args = {'default_params': False}
2024-04-17 15:39:06,200 - INFO - Running trainer.py (version_9).
2024-04-17 15:39:06,200 - INFO - args = {'epochs': 4000, 'monitor': 'loss/train', 'mode': 'min', 'train_size': 1.0, 'progress_bar': False, 'accelerator': 'auto', 'devices': [1], 'strategy': 'auto', 'num_nodes': 1}
2024-04-17 16:27:03,558 - INFO - Running update.py
2024-04-17 16:27:03,558 - WARNING - Skipping parameter update this step.
2024-04-17 16:27:06,319 - INFO - Running gridsearch.py
2024-04-17 16:27:06,320 - INFO - args = {'default_params': False}
2024-04-17 16:27:10,342 - INFO - Running trainer.py (version_10).
2024-04-17 16:27:10,342 - INFO - args = {'epochs': 4000, 'monitor': 'loss/train', 'mode': 'min', 'train_size': 1.0, 'progress_bar': False, 'accelerator': 'auto', 'devices': [1], 'strategy': 'auto', 'num_nodes': 1}
2024-04-17 17:19:47,398 - INFO - Running update.py
2024-04-17 17:19:47,398 - WARNING - Skipping parameter update this step.
2024-04-17 17:19:50,245 - INFO - Running gridsearch.py
2024-04-17 17:19:50,246 - INFO - args = {'default_params': False}
2024-04-17 17:19:54,302 - INFO - Running trainer.py (version_11).
2024-04-17 17:19:54,302 - INFO - args = {'epochs': 4000, 'monitor': 'loss/train', 'mode': 'min', 'train_size': 1.0, 'progress_bar': False, 'accelerator': 'auto', 'devices': [1], 'strategy': 'auto', 'num_nodes': 1}
2024-04-17 18:00:21,661 - INFO - Running update.py
2024-04-17 18:00:21,662 - INFO - args = {'max_good_loss': 1e-06, 'min_good_samples': 4, 'check_every_n_steps': 3, 'current_step': 12}
2024-04-17 18:00:24,815 - WARNING - Found 8 (>= 4) good samples. Updating parameters.
2024-04-17 18:00:24,820 - INFO - Parameter intervals changed.
2024-04-17 18:00:27,798 - INFO - Running gridsearch.py
2024-04-17 18:00:27,798 - INFO - args = {'default_params': False}
2024-04-17 18:00:31,600 - INFO - Running trainer.py (version_12).
2024-04-17 18:00:31,600 - INFO - args = {'epochs': 4000, 'monitor': 'loss/train', 'mode': 'min', 'train_size': 1.0, 'progress_bar': False, 'accelerator': 'auto', 'devices': [1], 'strategy': 'auto', 'num_nodes': 1}
2024-04-17 18:32:10,428 - INFO - Running update.py
2024-04-17 18:32:10,428 - WARNING - Skipping parameter update this step.
2024-04-17 18:32:13,165 - INFO - Running gridsearch.py
2024-04-17 18:32:13,165 - INFO - args = {'default_params': False}
2024-04-17 18:32:17,152 - INFO - Running trainer.py (version_13).
2024-04-17 18:32:17,152 - INFO - args = {'epochs': 4000, 'monitor': 'loss/train', 'mode': 'min', 'train_size': 1.0, 'progress_bar': False, 'accelerator': 'auto', 'devices': [1], 'strategy': 'auto', 'num_nodes': 1}
2024-04-17 19:10:50,218 - INFO - Running update.py
2024-04-17 19:10:50,218 - WARNING - Skipping parameter update this step.
2024-04-17 19:10:53,294 - INFO - Running gridsearch.py
2024-04-17 19:10:53,294 - INFO - args = {'default_params': False}
2024-04-17 19:10:57,602 - INFO - Running trainer.py (version_14).
2024-04-17 19:10:57,602 - INFO - args = {'epochs': 4000, 'monitor': 'loss/train', 'mode': 'min', 'train_size': 1.0, 'progress_bar': False, 'accelerator': 'auto', 'devices': [1], 'strategy': 'auto', 'num_nodes': 1}
2024-04-17 19:54:09,323 - INFO - Running update.py
2024-04-17 19:54:09,323 - INFO - args = {'max_good_loss': 1e-06, 'min_good_samples': 4, 'check_every_n_steps': 3, 'current_step': 15}
2024-04-17 19:54:13,083 - WARNING - Found 11 (>= 4) good samples. Updating parameters.
2024-04-17 19:54:13,087 - INFO - Parameter intervals remained the same.
2024-04-17 19:54:15,855 - INFO - Running gridsearch.py
2024-04-17 19:54:15,856 - INFO - args = {'default_params': False}
2024-04-17 19:54:19,823 - INFO - Running trainer.py (version_15).
2024-04-17 19:54:19,823 - INFO - args = {'epochs': 4000, 'monitor': 'loss/train', 'mode': 'min', 'train_size': 1.0, 'progress_bar': False, 'accelerator': 'auto', 'devices': [1], 'strategy': 'auto', 'num_nodes': 1}
2024-04-17 20:06:15,953 - INFO - Running update.py
2024-04-17 20:06:15,953 - WARNING - Skipping parameter update this step.
2024-04-17 20:06:19,565 - INFO - Running gridsearch.py
2024-04-17 20:06:19,565 - INFO - args = {'default_params': False}
2024-04-17 20:06:24,135 - INFO - Running trainer.py (version_16).
2024-04-17 20:06:24,135 - INFO - args = {'epochs': 4000, 'monitor': 'loss/train', 'mode': 'min', 'train_size': 1.0, 'progress_bar': False, 'accelerator': 'auto', 'devices': [1], 'strategy': 'auto', 'num_nodes': 1}
2024-04-17 20:41:44,410 - INFO - Running update.py
2024-04-17 20:41:44,410 - WARNING - Skipping parameter update this step.
2024-04-17 20:41:47,273 - INFO - Running gridsearch.py
2024-04-17 20:41:47,273 - INFO - args = {'default_params': False}
2024-04-17 20:41:51,274 - INFO - Running trainer.py (version_17).
2024-04-17 20:41:51,274 - INFO - args = {'epochs': 4000, 'monitor': 'loss/train', 'mode': 'min', 'train_size': 1.0, 'progress_bar': False, 'accelerator': 'auto', 'devices': [1], 'strategy': 'auto', 'num_nodes': 1}
2024-04-17 21:09:35,911 - INFO - Running update.py
2024-04-17 21:09:35,911 - INFO - args = {'max_good_loss': 1e-06, 'min_good_samples': 4, 'check_every_n_steps': 3, 'current_step': 18}
2024-04-17 21:09:40,265 - WARNING - Found 13 (>= 4) good samples. Updating parameters.
2024-04-17 21:09:40,269 - INFO - Parameter intervals remained the same.
2024-04-17 21:09:43,272 - INFO - Running gridsearch.py
2024-04-17 21:09:43,272 - INFO - args = {'default_params': False}
2024-04-17 21:09:47,299 - INFO - Running trainer.py (version_18).
2024-04-17 21:09:47,299 - INFO - args = {'epochs': 4000, 'monitor': 'loss/train', 'mode': 'min', 'train_size': 1.0, 'progress_bar': False, 'accelerator': 'auto', 'devices': [1], 'strategy': 'auto', 'num_nodes': 1}
2024-04-17 21:53:50,254 - INFO - Running update.py
2024-04-17 21:53:50,254 - WARNING - Skipping parameter update this step.
2024-04-17 21:53:53,019 - INFO - Running gridsearch.py
2024-04-17 21:53:53,019 - INFO - args = {'default_params': False}
2024-04-17 21:53:56,981 - INFO - Running trainer.py (version_19).
2024-04-17 21:53:56,981 - INFO - args = {'epochs': 4000, 'monitor': 'loss/train', 'mode': 'min', 'train_size': 1.0, 'progress_bar': False, 'accelerator': 'auto', 'devices': [1], 'strategy': 'auto', 'num_nodes': 1}
2024-04-17 22:05:04,626 - INFO - Running update.py
2024-04-17 22:05:04,626 - WARNING - Skipping parameter update this step.
2024-04-17 22:05:07,514 - INFO - Running gridsearch.py
2024-04-17 22:05:07,514 - INFO - args = {'default_params': False}
2024-04-17 22:05:11,592 - INFO - Running trainer.py (version_20).
2024-04-17 22:05:11,592 - INFO - args = {'epochs': 4000, 'monitor': 'loss/train', 'mode': 'min', 'train_size': 1.0, 'progress_bar': False, 'accelerator': 'auto', 'devices': [1], 'strategy': 'auto', 'num_nodes': 1}
2024-04-17 22:45:06,209 - INFO - Running update.py
2024-04-17 22:45:06,209 - INFO - args = {'max_good_loss': 1e-06, 'min_good_samples': 4, 'check_every_n_steps': 3, 'current_step': 21}
2024-04-17 22:45:11,210 - WARNING - Found 15 (>= 4) good samples. Updating parameters.
2024-04-17 22:45:11,215 - INFO - Parameter intervals remained the same.
2024-04-17 22:45:13,897 - INFO - Running gridsearch.py
2024-04-17 22:45:13,897 - INFO - args = {'default_params': False}
2024-04-17 22:45:17,717 - INFO - Running trainer.py (version_21).
2024-04-17 22:45:17,717 - INFO - args = {'epochs': 4000, 'monitor': 'loss/train', 'mode': 'min', 'train_size': 1.0, 'progress_bar': False, 'accelerator': 'auto', 'devices': [1], 'strategy': 'auto', 'num_nodes': 1}
2024-04-17 23:04:27,841 - INFO - Running update.py
2024-04-17 23:04:27,841 - WARNING - Skipping parameter update this step.
2024-04-17 23:04:30,603 - INFO - Running gridsearch.py
2024-04-17 23:04:30,603 - INFO - args = {'default_params': False}
2024-04-17 23:04:34,612 - INFO - Running trainer.py (version_22).
2024-04-17 23:04:34,612 - INFO - args = {'epochs': 4000, 'monitor': 'loss/train', 'mode': 'min', 'train_size': 1.0, 'progress_bar': False, 'accelerator': 'auto', 'devices': [1], 'strategy': 'auto', 'num_nodes': 1}
2024-04-17 23:48:51,872 - INFO - Running update.py
2024-04-17 23:48:51,872 - WARNING - Skipping parameter update this step.
2024-04-17 23:48:54,563 - INFO - Running gridsearch.py
2024-04-17 23:48:54,563 - INFO - args = {'default_params': False}
2024-04-17 23:48:58,548 - INFO - Running trainer.py (version_23).
2024-04-17 23:48:58,548 - INFO - args = {'epochs': 4000, 'monitor': 'loss/train', 'mode': 'min', 'train_size': 1.0, 'progress_bar': False, 'accelerator': 'auto', 'devices': [1], 'strategy': 'auto', 'num_nodes': 1}
2024-04-18 00:29:26,599 - INFO - Running update.py
2024-04-18 00:29:26,599 - INFO - args = {'max_good_loss': 1e-06, 'min_good_samples': 4, 'check_every_n_steps': 3, 'current_step': 24}
2024-04-18 00:29:32,297 - WARNING - Found 18 (>= 4) good samples. Updating parameters.
2024-04-18 00:29:32,301 - INFO - Parameter intervals remained the same.
2024-04-18 00:29:35,048 - INFO - Running gridsearch.py
2024-04-18 00:29:35,048 - INFO - args = {'default_params': False}
2024-04-18 00:29:38,994 - INFO - Running trainer.py (version_24).
2024-04-18 00:29:38,994 - INFO - args = {'epochs': 4000, 'monitor': 'loss/train', 'mode': 'min', 'train_size': 1.0, 'progress_bar': False, 'accelerator': 'auto', 'devices': [1], 'strategy': 'auto', 'num_nodes': 1}
2024-04-18 01:04:30,270 - INFO - Running update.py
2024-04-18 01:04:30,270 - WARNING - Skipping parameter update this step.
2024-04-18 01:04:33,129 - INFO - Running gridsearch.py
2024-04-18 01:04:33,129 - INFO - args = {'default_params': False}
2024-04-18 01:04:37,372 - INFO - Running trainer.py (version_25).
2024-04-18 01:04:37,372 - INFO - args = {'epochs': 4000, 'monitor': 'loss/train', 'mode': 'min', 'train_size': 1.0, 'progress_bar': False, 'accelerator': 'auto', 'devices': [1], 'strategy': 'auto', 'num_nodes': 1}
2024-04-18 01:42:27,736 - INFO - Running update.py
2024-04-18 01:42:27,737 - WARNING - Skipping parameter update this step.
2024-04-18 01:42:30,588 - INFO - Running gridsearch.py
2024-04-18 01:42:30,588 - INFO - args = {'default_params': False}
2024-04-18 01:42:34,596 - INFO - Running trainer.py (version_26).
2024-04-18 01:42:34,596 - INFO - args = {'epochs': 4000, 'monitor': 'loss/train', 'mode': 'min', 'train_size': 1.0, 'progress_bar': False, 'accelerator': 'auto', 'devices': [1], 'strategy': 'auto', 'num_nodes': 1}
2024-04-18 02:30:20,520 - INFO - Running update.py
2024-04-18 02:30:20,520 - INFO - args = {'max_good_loss': 1e-06, 'min_good_samples': 4, 'check_every_n_steps': 3, 'current_step': 27}
2024-04-18 02:30:27,050 - WARNING - Found 21 (>= 4) good samples. Updating parameters.
2024-04-18 02:30:27,054 - INFO - Parameter intervals remained the same.
2024-04-18 02:30:29,743 - INFO - Running gridsearch.py
2024-04-18 02:30:29,743 - INFO - args = {'default_params': False}
2024-04-18 02:30:33,528 - INFO - Running trainer.py (version_27).
2024-04-18 02:30:33,528 - INFO - args = {'epochs': 4000, 'monitor': 'loss/train', 'mode': 'min', 'train_size': 1.0, 'progress_bar': False, 'accelerator': 'auto', 'devices': [1], 'strategy': 'auto', 'num_nodes': 1}
2024-04-18 03:16:27,007 - INFO - Running update.py
2024-04-18 03:16:27,007 - WARNING - Skipping parameter update this step.
2024-04-18 03:16:29,740 - INFO - Running gridsearch.py
2024-04-18 03:16:29,740 - INFO - args = {'default_params': False}
2024-04-18 03:16:33,742 - INFO - Running trainer.py (version_28).
2024-04-18 03:16:33,742 - INFO - args = {'epochs': 4000, 'monitor': 'loss/train', 'mode': 'min', 'train_size': 1.0, 'progress_bar': False, 'accelerator': 'auto', 'devices': [1], 'strategy': 'auto', 'num_nodes': 1}
2024-04-18 03:49:34,768 - INFO - Running update.py
2024-04-18 03:49:34,768 - WARNING - Skipping parameter update this step.
2024-04-18 03:49:37,605 - INFO - Running gridsearch.py
2024-04-18 03:49:37,605 - INFO - args = {'default_params': False}
2024-04-18 03:49:41,442 - INFO - Running trainer.py (version_29).
2024-04-18 03:49:41,442 - INFO - args = {'epochs': 4000, 'monitor': 'loss/train', 'mode': 'min', 'train_size': 1.0, 'progress_bar': False, 'accelerator': 'auto', 'devices': [1], 'strategy': 'auto', 'num_nodes': 1}
2024-04-18 04:27:04,740 - INFO - Running update.py
2024-04-18 04:27:04,740 - INFO - args = {'max_good_loss': 1e-06, 'min_good_samples': 4, 'check_every_n_steps': 3, 'current_step': 30}
2024-04-18 04:27:12,067 - WARNING - Found 24 (>= 4) good samples. Updating parameters.
2024-04-18 04:27:12,071 - INFO - Parameter intervals remained the same.
2024-04-18 04:27:14,694 - INFO - Running gridsearch.py
2024-04-18 04:27:14,694 - INFO - args = {'default_params': False}
2024-04-18 04:27:18,579 - INFO - Running trainer.py (version_30).
2024-04-18 04:27:18,579 - INFO - args = {'epochs': 4000, 'monitor': 'loss/train', 'mode': 'min', 'train_size': 1.0, 'progress_bar': False, 'accelerator': 'auto', 'devices': [1], 'strategy': 'auto', 'num_nodes': 1}
2024-04-18 04:56:58,626 - INFO - Running update.py
2024-04-18 04:56:58,626 - WARNING - Skipping parameter update this step.
2024-04-18 04:57:01,298 - INFO - Running gridsearch.py
2024-04-18 04:57:01,298 - INFO - args = {'default_params': False}
2024-04-18 04:57:05,101 - INFO - Running trainer.py (version_31).
2024-04-18 04:57:05,101 - INFO - args = {'epochs': 4000, 'monitor': 'loss/train', 'mode': 'min', 'train_size': 1.0, 'progress_bar': False, 'accelerator': 'auto', 'devices': [1], 'strategy': 'auto', 'num_nodes': 1}
2024-04-18 05:17:44,976 - INFO - Running update.py
2024-04-18 05:17:44,976 - WARNING - Skipping parameter update this step.
2024-04-18 05:17:47,677 - INFO - Running gridsearch.py
2024-04-18 05:17:47,677 - INFO - args = {'default_params': False}
2024-04-18 05:17:51,519 - INFO - Running trainer.py (version_32).
2024-04-18 05:17:51,519 - INFO - args = {'epochs': 4000, 'monitor': 'loss/train', 'mode': 'min', 'train_size': 1.0, 'progress_bar': False, 'accelerator': 'auto', 'devices': [1], 'strategy': 'auto', 'num_nodes': 1}
2024-04-18 05:58:32,532 - INFO - Running update.py
2024-04-18 05:58:32,533 - INFO - args = {'max_good_loss': 1e-06, 'min_good_samples': 4, 'check_every_n_steps': 3, 'current_step': 33}
2024-04-18 05:58:40,502 - WARNING - Found 27 (>= 4) good samples. Updating parameters.
2024-04-18 05:58:40,507 - INFO - Parameter intervals remained the same.
2024-04-18 05:58:43,201 - INFO - Running gridsearch.py
2024-04-18 05:58:43,201 - INFO - args = {'default_params': False}
2024-04-18 05:58:47,068 - INFO - Running trainer.py (version_33).
2024-04-18 05:58:47,068 - INFO - args = {'epochs': 4000, 'monitor': 'loss/train', 'mode': 'min', 'train_size': 1.0, 'progress_bar': False, 'accelerator': 'auto', 'devices': [1], 'strategy': 'auto', 'num_nodes': 1}
2024-04-18 06:38:29,929 - INFO - Running update.py
2024-04-18 06:38:29,930 - WARNING - Skipping parameter update this step.
2024-04-18 06:38:32,593 - INFO - Running gridsearch.py
2024-04-18 06:38:32,593 - INFO - args = {'default_params': False}
2024-04-18 06:38:37,566 - INFO - Running trainer.py (version_34).
2024-04-18 06:38:37,566 - INFO - args = {'epochs': 4000, 'monitor': 'loss/train', 'mode': 'min', 'train_size': 1.0, 'progress_bar': False, 'accelerator': 'auto', 'devices': [1], 'strategy': 'auto', 'num_nodes': 1}
2024-04-18 07:22:07,210 - INFO - Running update.py
2024-04-18 07:22:07,210 - WARNING - Skipping parameter update this step.
2024-04-18 07:22:09,872 - INFO - Running gridsearch.py
2024-04-18 07:22:09,872 - INFO - args = {'default_params': False}
2024-04-18 07:22:15,937 - INFO - Running trainer.py (version_35).
2024-04-18 07:22:15,937 - INFO - args = {'epochs': 4000, 'monitor': 'loss/train', 'mode': 'min', 'train_size': 1.0, 'progress_bar': False, 'accelerator': 'auto', 'devices': [1], 'strategy': 'auto', 'num_nodes': 1}
2024-04-18 07:46:47,986 - INFO - Running update.py
2024-04-18 07:46:47,986 - INFO - args = {'max_good_loss': 1e-06, 'min_good_samples': 4, 'check_every_n_steps': 3, 'current_step': 36}
2024-04-18 07:46:56,944 - WARNING - Found 30 (>= 4) good samples. Updating parameters.
2024-04-18 07:46:56,948 - INFO - Parameter intervals remained the same.
2024-04-18 07:46:59,533 - INFO - Running gridsearch.py
2024-04-18 07:46:59,533 - INFO - args = {'default_params': False}
2024-04-18 07:47:03,266 - INFO - Running trainer.py (version_36).
2024-04-18 07:47:03,266 - INFO - args = {'epochs': 4000, 'monitor': 'loss/train', 'mode': 'min', 'train_size': 1.0, 'progress_bar': False, 'accelerator': 'auto', 'devices': [1], 'strategy': 'auto', 'num_nodes': 1}
2024-04-18 08:26:28,324 - INFO - Running update.py
2024-04-18 08:26:28,324 - WARNING - Skipping parameter update this step.
2024-04-18 08:26:30,955 - INFO - Running gridsearch.py
2024-04-18 08:26:30,955 - INFO - args = {'default_params': False}
2024-04-18 08:26:34,649 - INFO - Running trainer.py (version_37).
2024-04-18 08:26:34,649 - INFO - args = {'epochs': 4000, 'monitor': 'loss/train', 'mode': 'min', 'train_size': 1.0, 'progress_bar': False, 'accelerator': 'auto', 'devices': [1], 'strategy': 'auto', 'num_nodes': 1}
