2024-04-17 10:49:15,760 - INFO - Running gridsearch.py
2024-04-17 10:49:15,760 - INFO - args = {'default_params': False}
2024-04-17 10:49:19,667 - INFO - Running trainer.py (version_0).
2024-04-17 10:49:19,667 - INFO - args = {'epochs': 4000, 'monitor': 'loss/train', 'mode': 'min', 'train_size': 1.0, 'progress_bar': False, 'accelerator': 'auto', 'devices': [1], 'strategy': 'auto', 'num_nodes': 1}
2024-04-17 10:59:43,720 - INFO - Running update.py
2024-04-17 10:59:43,720 - WARNING - Skipping parameter update this step.
2024-04-17 10:59:46,344 - INFO - Running gridsearch.py
2024-04-17 10:59:46,344 - INFO - args = {'default_params': False}
2024-04-17 10:59:50,153 - INFO - Running trainer.py (version_1).
2024-04-17 10:59:50,153 - INFO - args = {'epochs': 4000, 'monitor': 'loss/train', 'mode': 'min', 'train_size': 1.0, 'progress_bar': False, 'accelerator': 'auto', 'devices': [1], 'strategy': 'auto', 'num_nodes': 1}
2024-04-17 11:18:28,401 - INFO - Running update.py
2024-04-17 11:18:28,401 - WARNING - Skipping parameter update this step.
2024-04-17 11:18:30,984 - INFO - Running gridsearch.py
2024-04-17 11:18:30,984 - INFO - args = {'default_params': False}
2024-04-17 11:18:34,625 - INFO - Running trainer.py (version_2).
2024-04-17 11:18:34,625 - INFO - args = {'epochs': 4000, 'monitor': 'loss/train', 'mode': 'min', 'train_size': 1.0, 'progress_bar': False, 'accelerator': 'auto', 'devices': [1], 'strategy': 'auto', 'num_nodes': 1}
2024-04-17 11:40:30,710 - INFO - Running update.py
2024-04-17 11:40:30,710 - INFO - args = {'max_good_loss': 1e-06, 'min_good_samples': 4, 'check_every_n_steps': 3, 'current_step': 3}
2024-04-17 11:40:31,084 - WARNING - Found 2 (< 4) good samples. Parameters will not be updated.
2024-04-17 11:40:33,688 - INFO - Running gridsearch.py
2024-04-17 11:40:33,688 - INFO - args = {'default_params': False}
2024-04-17 11:40:37,395 - INFO - Running trainer.py (version_3).
2024-04-17 11:40:37,395 - INFO - args = {'epochs': 4000, 'monitor': 'loss/train', 'mode': 'min', 'train_size': 1.0, 'progress_bar': False, 'accelerator': 'auto', 'devices': [1], 'strategy': 'auto', 'num_nodes': 1}
2024-04-17 11:53:41,421 - INFO - Running update.py
2024-04-17 11:53:41,421 - WARNING - Skipping parameter update this step.
2024-04-17 11:53:43,978 - INFO - Running gridsearch.py
2024-04-17 11:53:43,978 - INFO - args = {'default_params': False}
2024-04-17 11:53:47,689 - INFO - Running trainer.py (version_4).
2024-04-17 11:53:47,689 - INFO - args = {'epochs': 4000, 'monitor': 'loss/train', 'mode': 'min', 'train_size': 1.0, 'progress_bar': False, 'accelerator': 'auto', 'devices': [1], 'strategy': 'auto', 'num_nodes': 1}
2024-04-17 12:05:22,649 - INFO - Running update.py
2024-04-17 12:05:22,649 - WARNING - Skipping parameter update this step.
2024-04-17 12:05:25,211 - INFO - Running gridsearch.py
2024-04-17 12:05:25,211 - INFO - args = {'default_params': False}
2024-04-17 12:05:28,873 - INFO - Running trainer.py (version_5).
2024-04-17 12:05:28,873 - INFO - args = {'epochs': 4000, 'monitor': 'loss/train', 'mode': 'min', 'train_size': 1.0, 'progress_bar': False, 'accelerator': 'auto', 'devices': [1], 'strategy': 'auto', 'num_nodes': 1}
2024-04-17 12:41:17,637 - INFO - Running update.py
2024-04-17 12:41:17,637 - INFO - args = {'max_good_loss': 1e-06, 'min_good_samples': 4, 'check_every_n_steps': 3, 'current_step': 6}
2024-04-17 12:41:18,470 - WARNING - Found 4 (>= 4) good samples. Updating parameters.
2024-04-17 12:41:18,475 - INFO - Parameter intervals changed.
2024-04-17 12:41:21,097 - INFO - Running gridsearch.py
2024-04-17 12:41:21,097 - INFO - args = {'default_params': False}
2024-04-17 12:41:24,720 - INFO - Running trainer.py (version_6).
2024-04-17 12:41:24,720 - INFO - args = {'epochs': 4000, 'monitor': 'loss/train', 'mode': 'min', 'train_size': 1.0, 'progress_bar': False, 'accelerator': 'auto', 'devices': [1], 'strategy': 'auto', 'num_nodes': 1}
2024-04-17 12:53:50,059 - INFO - Running update.py
2024-04-17 12:53:50,059 - WARNING - Skipping parameter update this step.
2024-04-17 12:53:52,657 - INFO - Running gridsearch.py
2024-04-17 12:53:52,657 - INFO - args = {'default_params': False}
2024-04-17 12:54:25,459 - INFO - Running trainer.py (version_7).
2024-04-17 12:54:25,459 - INFO - args = {'epochs': 4000, 'monitor': 'loss/train', 'mode': 'min', 'train_size': 1.0, 'progress_bar': False, 'accelerator': 'auto', 'devices': [1], 'strategy': 'auto', 'num_nodes': 1}
2024-04-17 13:02:55,916 - INFO - Running update.py
2024-04-17 13:02:55,916 - WARNING - Skipping parameter update this step.
2024-04-17 13:02:58,499 - INFO - Running gridsearch.py
2024-04-17 13:02:58,499 - INFO - args = {'default_params': False}
2024-04-17 13:03:02,128 - INFO - Running trainer.py (version_8).
2024-04-17 13:03:02,128 - INFO - args = {'epochs': 4000, 'monitor': 'loss/train', 'mode': 'min', 'train_size': 1.0, 'progress_bar': False, 'accelerator': 'auto', 'devices': [1], 'strategy': 'auto', 'num_nodes': 1}
2024-04-17 13:38:11,906 - INFO - Running update.py
2024-04-17 13:38:11,906 - INFO - args = {'max_good_loss': 1e-06, 'min_good_samples': 4, 'check_every_n_steps': 3, 'current_step': 9}
2024-04-17 13:38:13,258 - WARNING - Found 5 (>= 4) good samples. Updating parameters.
2024-04-17 13:38:13,263 - INFO - Parameter intervals changed.
2024-04-17 13:38:15,876 - INFO - Running gridsearch.py
2024-04-17 13:38:15,876 - INFO - args = {'default_params': False}
2024-04-17 13:38:19,688 - INFO - Running trainer.py (version_9).
2024-04-17 13:38:19,688 - INFO - args = {'epochs': 4000, 'monitor': 'loss/train', 'mode': 'min', 'train_size': 1.0, 'progress_bar': False, 'accelerator': 'auto', 'devices': [1], 'strategy': 'auto', 'num_nodes': 1}
2024-04-17 14:16:34,946 - INFO - Running update.py
2024-04-17 14:16:34,947 - WARNING - Skipping parameter update this step.
2024-04-17 14:16:37,522 - INFO - Running gridsearch.py
2024-04-17 14:16:37,522 - INFO - args = {'default_params': False}
2024-04-17 14:16:41,139 - INFO - Running trainer.py (version_10).
2024-04-17 14:16:41,139 - INFO - args = {'epochs': 4000, 'monitor': 'loss/train', 'mode': 'min', 'train_size': 1.0, 'progress_bar': False, 'accelerator': 'auto', 'devices': [1], 'strategy': 'auto', 'num_nodes': 1}
2024-04-17 14:36:36,656 - INFO - Running update.py
2024-04-17 14:36:36,656 - WARNING - Skipping parameter update this step.
2024-04-17 14:36:39,359 - INFO - Running gridsearch.py
2024-04-17 14:36:39,359 - INFO - args = {'default_params': False}
2024-04-17 14:36:42,992 - INFO - Running trainer.py (version_11).
2024-04-17 14:36:42,992 - INFO - args = {'epochs': 4000, 'monitor': 'loss/train', 'mode': 'min', 'train_size': 1.0, 'progress_bar': False, 'accelerator': 'auto', 'devices': [1], 'strategy': 'auto', 'num_nodes': 1}
2024-04-17 15:11:02,333 - INFO - Running update.py
2024-04-17 15:11:02,333 - INFO - args = {'max_good_loss': 1e-06, 'min_good_samples': 4, 'check_every_n_steps': 3, 'current_step': 12}
2024-04-17 15:11:04,289 - WARNING - Found 8 (>= 4) good samples. Updating parameters.
2024-04-17 15:11:04,293 - INFO - Parameter intervals changed.
2024-04-17 15:11:07,105 - INFO - Running gridsearch.py
2024-04-17 15:11:07,105 - INFO - args = {'default_params': False}
2024-04-17 15:11:11,048 - INFO - Running trainer.py (version_12).
2024-04-17 15:11:11,048 - INFO - args = {'epochs': 4000, 'monitor': 'loss/train', 'mode': 'min', 'train_size': 1.0, 'progress_bar': False, 'accelerator': 'auto', 'devices': [1], 'strategy': 'auto', 'num_nodes': 1}
2024-04-17 15:21:58,738 - INFO - Running update.py
2024-04-17 15:21:58,738 - WARNING - Skipping parameter update this step.
2024-04-17 15:22:01,323 - INFO - Running gridsearch.py
2024-04-17 15:22:01,324 - INFO - args = {'default_params': False}
2024-04-17 15:22:05,227 - INFO - Running trainer.py (version_13).
2024-04-17 15:22:05,227 - INFO - args = {'epochs': 4000, 'monitor': 'loss/train', 'mode': 'min', 'train_size': 1.0, 'progress_bar': False, 'accelerator': 'auto', 'devices': [1], 'strategy': 'auto', 'num_nodes': 1}
2024-04-17 15:41:52,711 - INFO - Running update.py
2024-04-17 15:41:52,712 - WARNING - Skipping parameter update this step.
2024-04-17 15:41:55,266 - INFO - Running gridsearch.py
2024-04-17 15:41:55,266 - INFO - args = {'default_params': False}
2024-04-17 15:41:58,890 - INFO - Running trainer.py (version_14).
2024-04-17 15:41:58,890 - INFO - args = {'epochs': 4000, 'monitor': 'loss/train', 'mode': 'min', 'train_size': 1.0, 'progress_bar': False, 'accelerator': 'auto', 'devices': [1], 'strategy': 'auto', 'num_nodes': 1}
2024-04-17 15:53:32,919 - INFO - Running update.py
2024-04-17 15:53:32,919 - INFO - args = {'max_good_loss': 1e-06, 'min_good_samples': 4, 'check_every_n_steps': 3, 'current_step': 15}
2024-04-17 15:53:35,258 - WARNING - Found 10 (>= 4) good samples. Updating parameters.
2024-04-17 15:53:35,262 - INFO - Parameter intervals remained the same.
2024-04-17 15:53:37,886 - INFO - Running gridsearch.py
2024-04-17 15:53:37,886 - INFO - args = {'default_params': False}
2024-04-17 15:53:41,591 - INFO - Running trainer.py (version_15).
2024-04-17 15:53:41,591 - INFO - args = {'epochs': 4000, 'monitor': 'loss/train', 'mode': 'min', 'train_size': 1.0, 'progress_bar': False, 'accelerator': 'auto', 'devices': [1], 'strategy': 'auto', 'num_nodes': 1}
2024-04-17 16:17:44,041 - INFO - Running update.py
2024-04-17 16:17:44,041 - WARNING - Skipping parameter update this step.
2024-04-17 16:17:46,658 - INFO - Running gridsearch.py
2024-04-17 16:17:46,658 - INFO - args = {'default_params': False}
2024-04-17 16:17:50,316 - INFO - Running trainer.py (version_16).
2024-04-17 16:17:50,316 - INFO - args = {'epochs': 4000, 'monitor': 'loss/train', 'mode': 'min', 'train_size': 1.0, 'progress_bar': False, 'accelerator': 'auto', 'devices': [1], 'strategy': 'auto', 'num_nodes': 1}
2024-04-17 16:29:08,614 - INFO - Running update.py
2024-04-17 16:29:08,614 - WARNING - Skipping parameter update this step.
2024-04-17 16:29:11,283 - INFO - Running gridsearch.py
2024-04-17 16:29:11,283 - INFO - args = {'default_params': False}
2024-04-17 16:29:14,954 - INFO - Running trainer.py (version_17).
2024-04-17 16:29:14,954 - INFO - args = {'epochs': 4000, 'monitor': 'loss/train', 'mode': 'min', 'train_size': 1.0, 'progress_bar': False, 'accelerator': 'auto', 'devices': [1], 'strategy': 'auto', 'num_nodes': 1}
2024-04-17 16:58:32,968 - INFO - Running update.py
2024-04-17 16:58:32,968 - INFO - args = {'max_good_loss': 1e-06, 'min_good_samples': 4, 'check_every_n_steps': 3, 'current_step': 18}
2024-04-17 16:58:35,927 - WARNING - Found 12 (>= 4) good samples. Updating parameters.
2024-04-17 16:58:35,932 - INFO - Parameter intervals remained the same.
2024-04-17 16:58:38,674 - INFO - Running gridsearch.py
2024-04-17 16:58:38,674 - INFO - args = {'default_params': False}
2024-04-17 16:58:42,517 - INFO - Running trainer.py (version_18).
2024-04-17 16:58:42,517 - INFO - args = {'epochs': 4000, 'monitor': 'loss/train', 'mode': 'min', 'train_size': 1.0, 'progress_bar': False, 'accelerator': 'auto', 'devices': [1], 'strategy': 'auto', 'num_nodes': 1}
2024-04-17 17:12:43,062 - INFO - Running update.py
2024-04-17 17:12:43,062 - WARNING - Skipping parameter update this step.
2024-04-17 17:12:45,648 - INFO - Running gridsearch.py
2024-04-17 17:12:45,648 - INFO - args = {'default_params': False}
2024-04-17 17:12:51,762 - INFO - Running trainer.py (version_19).
2024-04-17 17:12:51,762 - INFO - args = {'epochs': 4000, 'monitor': 'loss/train', 'mode': 'min', 'train_size': 1.0, 'progress_bar': False, 'accelerator': 'auto', 'devices': [1], 'strategy': 'auto', 'num_nodes': 1}
2024-04-17 17:37:46,285 - INFO - Running update.py
2024-04-17 17:37:46,285 - WARNING - Skipping parameter update this step.
2024-04-17 17:37:49,823 - INFO - Running gridsearch.py
2024-04-17 17:37:49,823 - INFO - args = {'default_params': False}
2024-04-17 17:37:55,952 - INFO - Running trainer.py (version_20).
2024-04-17 17:37:55,952 - INFO - args = {'epochs': 4000, 'monitor': 'loss/train', 'mode': 'min', 'train_size': 1.0, 'progress_bar': False, 'accelerator': 'auto', 'devices': [1], 'strategy': 'auto', 'num_nodes': 1}
2024-04-17 18:13:45,104 - INFO - Running update.py
2024-04-17 18:13:45,104 - INFO - args = {'max_good_loss': 1e-06, 'min_good_samples': 4, 'check_every_n_steps': 3, 'current_step': 21}
2024-04-17 18:13:48,877 - WARNING - Found 15 (>= 4) good samples. Updating parameters.
2024-04-17 18:13:48,882 - INFO - Parameter intervals remained the same.
2024-04-17 18:13:51,547 - INFO - Running gridsearch.py
2024-04-17 18:13:51,547 - INFO - args = {'default_params': False}
2024-04-17 18:13:55,232 - INFO - Running trainer.py (version_21).
2024-04-17 18:13:55,232 - INFO - args = {'epochs': 4000, 'monitor': 'loss/train', 'mode': 'min', 'train_size': 1.0, 'progress_bar': False, 'accelerator': 'auto', 'devices': [1], 'strategy': 'auto', 'num_nodes': 1}
2024-04-17 18:48:18,859 - INFO - Running update.py
2024-04-17 18:48:18,860 - WARNING - Skipping parameter update this step.
2024-04-17 18:48:21,447 - INFO - Running gridsearch.py
2024-04-17 18:48:21,447 - INFO - args = {'default_params': False}
2024-04-17 18:48:25,129 - INFO - Running trainer.py (version_22).
2024-04-17 18:48:25,129 - INFO - args = {'epochs': 4000, 'monitor': 'loss/train', 'mode': 'min', 'train_size': 1.0, 'progress_bar': False, 'accelerator': 'auto', 'devices': [1], 'strategy': 'auto', 'num_nodes': 1}
2024-04-17 19:05:49,847 - INFO - Running update.py
2024-04-17 19:05:49,847 - WARNING - Skipping parameter update this step.
2024-04-17 19:05:52,433 - INFO - Running gridsearch.py
2024-04-17 19:05:52,433 - INFO - args = {'default_params': False}
2024-04-17 19:05:55,989 - INFO - Running trainer.py (version_23).
2024-04-17 19:05:55,989 - INFO - args = {'epochs': 4000, 'monitor': 'loss/train', 'mode': 'min', 'train_size': 1.0, 'progress_bar': False, 'accelerator': 'auto', 'devices': [1], 'strategy': 'auto', 'num_nodes': 1}
2024-04-17 19:14:18,152 - INFO - Running update.py
2024-04-17 19:14:18,152 - INFO - args = {'max_good_loss': 1e-06, 'min_good_samples': 4, 'check_every_n_steps': 3, 'current_step': 24}
2024-04-17 19:14:22,288 - WARNING - Found 17 (>= 4) good samples. Updating parameters.
2024-04-17 19:14:22,292 - INFO - Parameter intervals remained the same.
2024-04-17 19:14:24,833 - INFO - Running gridsearch.py
2024-04-17 19:14:24,833 - INFO - args = {'default_params': False}
2024-04-17 19:14:28,545 - INFO - Running trainer.py (version_24).
2024-04-17 19:14:28,545 - INFO - args = {'epochs': 4000, 'monitor': 'loss/train', 'mode': 'min', 'train_size': 1.0, 'progress_bar': False, 'accelerator': 'auto', 'devices': [1], 'strategy': 'auto', 'num_nodes': 1}
2024-04-17 19:27:29,953 - INFO - Running update.py
2024-04-17 19:27:29,953 - WARNING - Skipping parameter update this step.
2024-04-17 19:27:32,451 - INFO - Running gridsearch.py
2024-04-17 19:27:32,451 - INFO - args = {'default_params': False}
2024-04-17 19:27:36,105 - INFO - Running trainer.py (version_25).
2024-04-17 19:27:36,105 - INFO - args = {'epochs': 4000, 'monitor': 'loss/train', 'mode': 'min', 'train_size': 1.0, 'progress_bar': False, 'accelerator': 'auto', 'devices': [1], 'strategy': 'auto', 'num_nodes': 1}
2024-04-17 19:51:58,852 - INFO - Running update.py
2024-04-17 19:51:58,852 - WARNING - Skipping parameter update this step.
2024-04-17 19:52:01,391 - INFO - Running gridsearch.py
2024-04-17 19:52:01,391 - INFO - args = {'default_params': False}
2024-04-17 19:52:05,011 - INFO - Running trainer.py (version_26).
2024-04-17 19:52:05,011 - INFO - args = {'epochs': 4000, 'monitor': 'loss/train', 'mode': 'min', 'train_size': 1.0, 'progress_bar': False, 'accelerator': 'auto', 'devices': [1], 'strategy': 'auto', 'num_nodes': 1}
2024-04-17 19:57:56,445 - INFO - Running update.py
2024-04-17 19:57:56,445 - INFO - args = {'max_good_loss': 1e-06, 'min_good_samples': 4, 'check_every_n_steps': 3, 'current_step': 27}
2024-04-17 19:58:01,008 - WARNING - Found 18 (>= 4) good samples. Updating parameters.
2024-04-17 19:58:01,012 - INFO - Parameter intervals remained the same.
2024-04-17 19:58:03,681 - INFO - Running gridsearch.py
2024-04-17 19:58:03,681 - INFO - args = {'default_params': False}
2024-04-17 19:58:07,377 - INFO - Running trainer.py (version_27).
2024-04-17 19:58:07,377 - INFO - args = {'epochs': 4000, 'monitor': 'loss/train', 'mode': 'min', 'train_size': 1.0, 'progress_bar': False, 'accelerator': 'auto', 'devices': [1], 'strategy': 'auto', 'num_nodes': 1}
2024-04-17 20:23:17,257 - INFO - Running update.py
2024-04-17 20:23:17,257 - WARNING - Skipping parameter update this step.
2024-04-17 20:23:19,818 - INFO - Running gridsearch.py
2024-04-17 20:23:19,818 - INFO - args = {'default_params': False}
2024-04-17 20:23:23,572 - INFO - Running trainer.py (version_28).
2024-04-17 20:23:23,572 - INFO - args = {'epochs': 4000, 'monitor': 'loss/train', 'mode': 'min', 'train_size': 1.0, 'progress_bar': False, 'accelerator': 'auto', 'devices': [1], 'strategy': 'auto', 'num_nodes': 1}
2024-04-17 20:38:35,894 - INFO - Running update.py
2024-04-17 20:38:35,894 - WARNING - Skipping parameter update this step.
2024-04-17 20:38:38,440 - INFO - Running gridsearch.py
2024-04-17 20:38:38,440 - INFO - args = {'default_params': False}
2024-04-17 20:38:42,155 - INFO - Running trainer.py (version_29).
2024-04-17 20:38:42,155 - INFO - args = {'epochs': 4000, 'monitor': 'loss/train', 'mode': 'min', 'train_size': 1.0, 'progress_bar': False, 'accelerator': 'auto', 'devices': [1], 'strategy': 'auto', 'num_nodes': 1}
2024-04-17 21:02:52,861 - INFO - Running update.py
2024-04-17 21:02:52,861 - INFO - args = {'max_good_loss': 1e-06, 'min_good_samples': 4, 'check_every_n_steps': 3, 'current_step': 30}
2024-04-17 21:02:58,248 - WARNING - Found 21 (>= 4) good samples. Updating parameters.
2024-04-17 21:02:58,252 - INFO - Parameter intervals remained the same.
2024-04-17 21:03:00,841 - INFO - Running gridsearch.py
2024-04-17 21:03:00,841 - INFO - args = {'default_params': False}
2024-04-17 21:03:04,444 - INFO - Running trainer.py (version_30).
2024-04-17 21:03:04,444 - INFO - args = {'epochs': 4000, 'monitor': 'loss/train', 'mode': 'min', 'train_size': 1.0, 'progress_bar': False, 'accelerator': 'auto', 'devices': [1], 'strategy': 'auto', 'num_nodes': 1}
2024-04-17 21:17:39,386 - INFO - Running update.py
2024-04-17 21:17:39,386 - WARNING - Skipping parameter update this step.
2024-04-17 21:17:41,943 - INFO - Running gridsearch.py
2024-04-17 21:17:41,944 - INFO - args = {'default_params': False}
2024-04-17 21:17:45,619 - INFO - Running trainer.py (version_31).
2024-04-17 21:17:45,619 - INFO - args = {'epochs': 4000, 'monitor': 'loss/train', 'mode': 'min', 'train_size': 1.0, 'progress_bar': False, 'accelerator': 'auto', 'devices': [1], 'strategy': 'auto', 'num_nodes': 1}
2024-04-17 21:47:33,408 - INFO - Running update.py
2024-04-17 21:47:33,408 - WARNING - Skipping parameter update this step.
2024-04-17 21:47:36,027 - INFO - Running gridsearch.py
2024-04-17 21:47:36,027 - INFO - args = {'default_params': False}
2024-04-17 21:47:39,710 - INFO - Running trainer.py (version_32).
2024-04-17 21:47:39,710 - INFO - args = {'epochs': 4000, 'monitor': 'loss/train', 'mode': 'min', 'train_size': 1.0, 'progress_bar': False, 'accelerator': 'auto', 'devices': [1], 'strategy': 'auto', 'num_nodes': 1}
2024-04-17 22:08:57,473 - INFO - Running update.py
2024-04-17 22:08:57,474 - INFO - args = {'max_good_loss': 1e-06, 'min_good_samples': 4, 'check_every_n_steps': 3, 'current_step': 33}
2024-04-17 22:09:03,300 - WARNING - Found 23 (>= 4) good samples. Updating parameters.
2024-04-17 22:09:03,304 - INFO - Parameter intervals remained the same.
2024-04-17 22:09:05,801 - INFO - Running gridsearch.py
2024-04-17 22:09:05,801 - INFO - args = {'default_params': False}
2024-04-17 22:09:09,267 - INFO - Running trainer.py (version_33).
2024-04-17 22:09:09,267 - INFO - args = {'epochs': 4000, 'monitor': 'loss/train', 'mode': 'min', 'train_size': 1.0, 'progress_bar': False, 'accelerator': 'auto', 'devices': [1], 'strategy': 'auto', 'num_nodes': 1}
2024-04-17 22:46:25,894 - INFO - Running update.py
2024-04-17 22:46:25,894 - WARNING - Skipping parameter update this step.
2024-04-17 22:46:28,562 - INFO - Running gridsearch.py
2024-04-17 22:46:28,563 - INFO - args = {'default_params': False}
2024-04-17 22:46:32,283 - INFO - Running trainer.py (version_34).
2024-04-17 22:46:32,283 - INFO - args = {'epochs': 4000, 'monitor': 'loss/train', 'mode': 'min', 'train_size': 1.0, 'progress_bar': False, 'accelerator': 'auto', 'devices': [1], 'strategy': 'auto', 'num_nodes': 1}
2024-04-17 22:59:55,185 - INFO - Running update.py
2024-04-17 22:59:55,186 - WARNING - Skipping parameter update this step.
2024-04-17 22:59:57,738 - INFO - Running gridsearch.py
2024-04-17 22:59:57,738 - INFO - args = {'default_params': False}
2024-04-17 23:00:01,313 - INFO - Running trainer.py (version_35).
2024-04-17 23:00:01,313 - INFO - args = {'epochs': 4000, 'monitor': 'loss/train', 'mode': 'min', 'train_size': 1.0, 'progress_bar': False, 'accelerator': 'auto', 'devices': [1], 'strategy': 'auto', 'num_nodes': 1}
2024-04-17 23:13:53,682 - INFO - Running update.py
2024-04-17 23:13:53,682 - INFO - args = {'max_good_loss': 1e-06, 'min_good_samples': 4, 'check_every_n_steps': 3, 'current_step': 36}
2024-04-17 23:14:00,026 - WARNING - Found 26 (>= 4) good samples. Updating parameters.
2024-04-17 23:14:00,031 - INFO - Parameter intervals remained the same.
2024-04-17 23:14:02,655 - INFO - Running gridsearch.py
2024-04-17 23:14:02,655 - INFO - args = {'default_params': False}
2024-04-17 23:14:06,289 - INFO - Running trainer.py (version_36).
2024-04-17 23:14:06,289 - INFO - args = {'epochs': 4000, 'monitor': 'loss/train', 'mode': 'min', 'train_size': 1.0, 'progress_bar': False, 'accelerator': 'auto', 'devices': [1], 'strategy': 'auto', 'num_nodes': 1}
2024-04-17 23:28:03,418 - INFO - Running update.py
2024-04-17 23:28:03,418 - WARNING - Skipping parameter update this step.
2024-04-17 23:28:06,024 - INFO - Running gridsearch.py
2024-04-17 23:28:06,024 - INFO - args = {'default_params': False}
2024-04-17 23:28:35,830 - INFO - Running trainer.py (version_37).
2024-04-17 23:28:35,830 - INFO - args = {'epochs': 4000, 'monitor': 'loss/train', 'mode': 'min', 'train_size': 1.0, 'progress_bar': False, 'accelerator': 'auto', 'devices': [1], 'strategy': 'auto', 'num_nodes': 1}
2024-04-17 23:44:28,737 - INFO - Running update.py
2024-04-17 23:44:28,737 - WARNING - Skipping parameter update this step.
2024-04-17 23:44:31,382 - INFO - Running gridsearch.py
2024-04-17 23:44:31,383 - INFO - args = {'default_params': False}
2024-04-17 23:44:35,051 - INFO - Running trainer.py (version_38).
2024-04-17 23:44:35,051 - INFO - args = {'epochs': 4000, 'monitor': 'loss/train', 'mode': 'min', 'train_size': 1.0, 'progress_bar': False, 'accelerator': 'auto', 'devices': [1], 'strategy': 'auto', 'num_nodes': 1}
2024-04-18 00:13:56,507 - INFO - Running update.py
2024-04-18 00:13:56,507 - INFO - args = {'max_good_loss': 1e-06, 'min_good_samples': 4, 'check_every_n_steps': 3, 'current_step': 39}
2024-04-18 00:14:03,369 - WARNING - Found 28 (>= 4) good samples. Updating parameters.
2024-04-18 00:14:03,373 - INFO - Parameter intervals remained the same.
2024-04-18 00:14:05,879 - INFO - Running gridsearch.py
2024-04-18 00:14:05,879 - INFO - args = {'default_params': False}
2024-04-18 00:14:09,472 - INFO - Running trainer.py (version_39).
2024-04-18 00:14:09,472 - INFO - args = {'epochs': 4000, 'monitor': 'loss/train', 'mode': 'min', 'train_size': 1.0, 'progress_bar': False, 'accelerator': 'auto', 'devices': [1], 'strategy': 'auto', 'num_nodes': 1}
2024-04-18 00:36:01,004 - INFO - Running update.py
2024-04-18 00:36:01,004 - WARNING - Skipping parameter update this step.
2024-04-18 00:36:03,548 - INFO - Running gridsearch.py
2024-04-18 00:36:03,548 - INFO - args = {'default_params': False}
2024-04-18 00:36:07,094 - INFO - Running trainer.py (version_40).
2024-04-18 00:36:07,094 - INFO - args = {'epochs': 4000, 'monitor': 'loss/train', 'mode': 'min', 'train_size': 1.0, 'progress_bar': False, 'accelerator': 'auto', 'devices': [1], 'strategy': 'auto', 'num_nodes': 1}
2024-04-18 00:51:38,874 - INFO - Running update.py
2024-04-18 00:51:38,874 - WARNING - Skipping parameter update this step.
2024-04-18 00:51:41,420 - INFO - Running gridsearch.py
2024-04-18 00:51:41,420 - INFO - args = {'default_params': False}
2024-04-18 00:51:44,980 - INFO - Running trainer.py (version_41).
2024-04-18 00:51:44,980 - INFO - args = {'epochs': 4000, 'monitor': 'loss/train', 'mode': 'min', 'train_size': 1.0, 'progress_bar': False, 'accelerator': 'auto', 'devices': [1], 'strategy': 'auto', 'num_nodes': 1}
2024-04-18 01:18:35,306 - INFO - Running update.py
2024-04-18 01:18:35,306 - INFO - args = {'max_good_loss': 1e-06, 'min_good_samples': 4, 'check_every_n_steps': 3, 'current_step': 42}
2024-04-18 01:18:42,865 - WARNING - Found 31 (>= 4) good samples. Updating parameters.
2024-04-18 01:18:42,870 - INFO - Parameter intervals changed.
2024-04-18 01:18:45,496 - INFO - Running gridsearch.py
2024-04-18 01:18:45,496 - INFO - args = {'default_params': False}
2024-04-18 01:18:49,290 - INFO - Running trainer.py (version_42).
2024-04-18 01:18:49,290 - INFO - args = {'epochs': 4000, 'monitor': 'loss/train', 'mode': 'min', 'train_size': 1.0, 'progress_bar': False, 'accelerator': 'auto', 'devices': [1], 'strategy': 'auto', 'num_nodes': 1}
2024-04-18 01:35:41,029 - INFO - Running update.py
2024-04-18 01:35:41,029 - WARNING - Skipping parameter update this step.
2024-04-18 01:35:43,559 - INFO - Running gridsearch.py
2024-04-18 01:35:43,559 - INFO - args = {'default_params': False}
2024-04-18 01:35:47,290 - INFO - Running trainer.py (version_43).
2024-04-18 01:35:47,290 - INFO - args = {'epochs': 4000, 'monitor': 'loss/train', 'mode': 'min', 'train_size': 1.0, 'progress_bar': False, 'accelerator': 'auto', 'devices': [1], 'strategy': 'auto', 'num_nodes': 1}
2024-04-18 02:08:24,282 - INFO - Running update.py
2024-04-18 02:08:24,282 - WARNING - Skipping parameter update this step.
2024-04-18 02:08:26,798 - INFO - Running gridsearch.py
2024-04-18 02:08:26,798 - INFO - args = {'default_params': False}
2024-04-18 02:08:30,299 - INFO - Running trainer.py (version_44).
2024-04-18 02:08:30,299 - INFO - args = {'epochs': 4000, 'monitor': 'loss/train', 'mode': 'min', 'train_size': 1.0, 'progress_bar': False, 'accelerator': 'auto', 'devices': [1], 'strategy': 'auto', 'num_nodes': 1}
2024-04-18 02:21:43,686 - INFO - Running update.py
2024-04-18 02:21:43,686 - INFO - args = {'max_good_loss': 1e-06, 'min_good_samples': 4, 'check_every_n_steps': 3, 'current_step': 45}
2024-04-18 02:21:51,714 - WARNING - Found 33 (>= 4) good samples. Updating parameters.
2024-04-18 02:21:51,718 - INFO - Parameter intervals remained the same.
2024-04-18 02:21:54,280 - INFO - Running gridsearch.py
2024-04-18 02:21:54,280 - INFO - args = {'default_params': False}
2024-04-18 02:21:57,960 - INFO - Running trainer.py (version_45).
2024-04-18 02:21:57,960 - INFO - args = {'epochs': 4000, 'monitor': 'loss/train', 'mode': 'min', 'train_size': 1.0, 'progress_bar': False, 'accelerator': 'auto', 'devices': [1], 'strategy': 'auto', 'num_nodes': 1}
2024-04-18 02:38:17,471 - INFO - Running update.py
2024-04-18 02:38:17,471 - WARNING - Skipping parameter update this step.
2024-04-18 02:38:20,022 - INFO - Running gridsearch.py
2024-04-18 02:38:20,023 - INFO - args = {'default_params': False}
2024-04-18 02:38:39,999 - INFO - Running trainer.py (version_46).
2024-04-18 02:38:39,999 - INFO - args = {'epochs': 4000, 'monitor': 'loss/train', 'mode': 'min', 'train_size': 1.0, 'progress_bar': False, 'accelerator': 'auto', 'devices': [1], 'strategy': 'auto', 'num_nodes': 1}
2024-04-18 03:06:28,084 - INFO - Running update.py
2024-04-18 03:06:28,084 - WARNING - Skipping parameter update this step.
2024-04-18 03:06:30,841 - INFO - Running gridsearch.py
2024-04-18 03:06:30,842 - INFO - args = {'default_params': False}
2024-04-18 03:06:34,809 - INFO - Running trainer.py (version_47).
2024-04-18 03:06:34,809 - INFO - args = {'epochs': 4000, 'monitor': 'loss/train', 'mode': 'min', 'train_size': 1.0, 'progress_bar': False, 'accelerator': 'auto', 'devices': [1], 'strategy': 'auto', 'num_nodes': 1}
2024-04-18 03:19:45,748 - INFO - Running update.py
2024-04-18 03:19:45,748 - INFO - args = {'max_good_loss': 1e-06, 'min_good_samples': 4, 'check_every_n_steps': 3, 'current_step': 48}
2024-04-18 03:19:54,860 - WARNING - Found 35 (>= 4) good samples. Updating parameters.
2024-04-18 03:19:54,864 - INFO - Parameter intervals remained the same.
2024-04-18 03:19:57,746 - INFO - Running gridsearch.py
2024-04-18 03:19:57,746 - INFO - args = {'default_params': False}
2024-04-18 03:20:01,717 - INFO - Running trainer.py (version_48).
2024-04-18 03:20:01,717 - INFO - args = {'epochs': 4000, 'monitor': 'loss/train', 'mode': 'min', 'train_size': 1.0, 'progress_bar': False, 'accelerator': 'auto', 'devices': [1], 'strategy': 'auto', 'num_nodes': 1}
2024-04-18 04:00:02,210 - INFO - Running update.py
2024-04-18 04:00:02,210 - WARNING - Skipping parameter update this step.
2024-04-18 04:00:04,782 - INFO - Running gridsearch.py
2024-04-18 04:00:04,782 - INFO - args = {'default_params': False}
2024-04-18 04:00:08,396 - INFO - Running trainer.py (version_49).
2024-04-18 04:00:08,396 - INFO - args = {'epochs': 4000, 'monitor': 'loss/train', 'mode': 'min', 'train_size': 1.0, 'progress_bar': False, 'accelerator': 'auto', 'devices': [1], 'strategy': 'auto', 'num_nodes': 1}
2024-04-18 04:31:25,200 - INFO - Running update.py
2024-04-18 04:31:25,200 - WARNING - Skipping parameter update this step.
